This is pdfTeX, Version 3.14159265-2.6-1.40.20 (TeX Live 2019) (preloaded format=pdflatex 2019.12.3)  30 MAY 2020 16:09
entering extended mode
 restricted \write18 enabled.
 %&-line parsing enabled.
**main.tex
(./main.tex
LaTeX2e <2018-12-01>
(/app/texmf-dist/tex/latex/abntex2/abntex2.cls
Document Class: abntex2 2018/11/24 v-1.9.7 abnTeX2
(/app/texmf-dist/tex/latex/base/ifthen.sty
Package: ifthen 2014/09/29 v1.1c Standard LaTeX ifthen package (DPC)
)
(/app/texmf-dist/tex/latex/memoir/memoir.cls
Document Class: memoir 2018/12/12 v3.7h configurable book, report, article docu
ment class
\onelineskip=\skip41
\lxvchars=\skip42
\xlvchars=\skip43
\@memcnta=\count80
\c@@memmarkcntra=\count81
(/app/texmf-dist/tex/generic/oberdiek/ifpdf.sty
Package: ifpdf 2018/09/07 v3.3 Provides the ifpdf switch
)
(/app/texmf-dist/tex/latex/ifetex/ifetex.sty
Package: ifetex 2018/03/31 v1.2a ifetex

(/app/texmf-dist/tex/plain/ifetex/ifetex.tex))
(/app/texmf-dist/tex/generic/ifxetex/ifxetex.sty
Package: ifxetex 2010/09/12 v0.6 Provides ifxetex conditional
)
(/app/texmf-dist/tex/generic/oberdiek/ifluatex.sty
Package: ifluatex 2016/05/16 v1.4 Provides the ifluatex switch (HO)
Package ifluatex Info: LuaTeX not detected.
)
\stockheight=\skip44
\stockwidth=\skip45
\trimtop=\skip46
\trimedge=\skip47

(/app/texmf-dist/tex/latex/memoir/mem12.clo
File: mem12.clo 2010/10/19 v0.4b memoir class 12pt size option
)
\binding=\skip48
\spinemargin=\skip49
\foremargin=\skip50
\uppermargin=\skip51
\lowermargin=\skip52
\headdrop=\skip53
\normalrulethickness=\skip54
\mem@maxheadheight=\skip55
\mem@maxfootheight=\skip56
\headwidth=\skip57
\c@storedpagenumber=\count82
\memPD=\dimen102
\m@mabparskip=\skip58
\thanksmarkwidth=\skip59
\thanksmarksep=\skip60
\droptitle=\skip61
\c@book=\count83
\c@part=\count84
\c@chapter=\count85
\c@section=\count86
\c@subsection=\count87
\c@subsubsection=\count88
\c@paragraph=\count89
\c@subparagraph=\count90
\beforechapskip=\skip62
\midchapskip=\skip63
\afterchapskip=\skip64
\chapindent=\skip65
\bottomsectionskip=\skip66
\secindent=\skip67
\beforesecskip=\skip68
\aftersecskip=\skip69
\subsecindent=\skip70
\beforesubsecskip=\skip71
\aftersubsecskip=\skip72
\subsubsecindent=\skip73
\beforesubsubsecskip=\skip74
\aftersubsubsecskip=\skip75
\paraindent=\skip76
\beforeparaskip=\skip77
\afterparaskip=\skip78
\subparaindent=\skip79
\beforesubparaskip=\skip80
\aftersubparaskip=\skip81
\pfbreakskip=\skip82
\c@@ppsavesec=\count91
\c@@ppsaveapp=\count92
\ragrparindent=\dimen103
\everylistparindent=\dimen104
\parsepi=\skip83
\topsepi=\skip84
\itemsepi=\skip85
\parsepii=\skip86
\topsepii=\skip87
\topsepiii=\skip88
\itemsepii=\skip89
\itemsepiii=\skip90
\partopsepii=\skip91
\partopsepiii=\skip92
\m@msavetopsep=\skip93
\m@msavepartopsep=\skip94
\@enLab=\toks14
\abstitleskip=\skip95
\absleftindent=\skip96
\abs@leftindent=\dimen105
\absrightindent=\skip97
\absparindent=\skip98
\absparsep=\skip99
\c@vslineno=\count93
\c@poemline=\count94
\c@modulo@vs=\count95
\c@memfvsline=\count96
\vleftskip=\skip100
\vrightskip=\skip101
\stanzaskip=\skip102
\versewidth=\skip103
\vgap=\skip104
\vindent=\skip105
\vleftmargin=\dimen106
\c@verse=\count97
\c@chrsinstr=\count98
\beforepoemtitleskip=\skip106
\afterpoemtitleskip=\skip107
\c@poem=\count99
\beforePoemTitleskip=\skip108
\midPoemTitleskip=\skip109
\afterPoemTitleskip=\skip110

(/app/texmf-dist/tex/latex/tools/array.sty
Package: array 2018/12/30 v2.4k Tabular extension package (FMi)
\col@sep=\dimen107
\ar@mcellbox=\box27
\extrarowheight=\dimen108
\NC@list=\toks15
\extratabsurround=\skip111
\backup@length=\skip112
\ar@cellbox=\box28
)
(/app/texmf-dist/tex/latex/tools/dcolumn.sty
Package: dcolumn 2014/10/28 v1.06 decimal alignment package (DPC)
)
(/app/texmf-dist/tex/latex/tools/delarray.sty
Package: delarray 2014/10/28 v1.01 array delimiter package (DPC)
)
(/app/texmf-dist/tex/latex/tools/tabularx.sty
Package: tabularx 2016/02/03 v2.11b `tabularx' package (DPC)
\TX@col@width=\dimen109
\TX@old@table=\dimen110
\TX@old@col=\dimen111
\TX@target=\dimen112
\TX@delta=\dimen113
\TX@cols=\count100
\TX@ftn=\toks16
)
\heavyrulewidth=\dimen114
\lightrulewidth=\dimen115
\cmidrulewidth=\dimen116
\belowrulesep=\dimen117
\belowbottomsep=\dimen118
\aboverulesep=\dimen119
\abovetopsep=\dimen120
\cmidrulesep=\dimen121
\cmidrulekern=\dimen122
\defaultaddspace=\dimen123
\@cmidla=\count101
\@cmidlb=\count102
\@aboverulesep=\dimen124
\@belowrulesep=\dimen125
\@thisruleclass=\count103
\@lastruleclass=\count104
\@thisrulewidth=\dimen126
\ctableftskip=\skip113
\ctabrightskip=\skip114
\abovecolumnspenalty=\count105
\@linestogo=\count106
\@cellstogo=\count107
\@cellsincolumn=\count108
\crtok=\toks17
\@mincolumnwidth=\dimen127
\c@newflo@tctr=\count109
\mem@margin@floatbox=\box29
\@contcwidth=\skip115
\@contindw=\skip116
\abovecaptionskip=\skip117
\belowcaptionskip=\skip118
\subfloattopskip=\skip119
\subfloatcapskip=\skip120
\subfloatcaptopadj=\skip121
\subfloatbottomskip=\skip122
\subfloatlabelskip=\skip123
\subfloatcapmargin=\dimen128
\c@@contsubnum=\count110
\m@mscap@capbox=\box30
\m@mscap@fbox=\box31
\sidecapsep=\dimen129
\sidecapwidth=\dimen130
\m@m@tempdima=\dimen131
\m@mscapraise=\dimen132
\sidecapraise=\dimen133
\m@mscapmainwidth=\dimen134
\m@mscaplkern=\dimen135
\beforeepigraphskip=\skip124
\afterepigraphskip=\skip125
\epigraphwidth=\skip126
\epigraphrule=\skip127
LaTeX Info: Redefining \em on input line 7592.
LaTeX Info: Redefining \emph on input line 7600.
\tocentryskip=\skip128
\tocbaseline=\skip129
\cftparskip=\skip130
\cftbeforebookskip=\skip131
\cftbookindent=\dimen136
\cftbooknumwidth=\dimen137
\cftbeforepartskip=\skip132
\cftpartindent=\skip133
\cftpartnumwidth=\skip134
\cftbeforechapterskip=\skip135
\cftchapterindent=\skip136
\cftchapternumwidth=\skip137
\cftbeforesectionskip=\skip138
\cftsectionindent=\skip139
\cftsectionnumwidth=\skip140
\cftbeforesubsectionskip=\skip141
\cftsubsectionindent=\skip142
\cftsubsectionnumwidth=\skip143
\cftbeforesubsubsectionskip=\skip144
\cftsubsubsectionindent=\skip145
\cftsubsubsectionnumwidth=\skip146
\cftbeforeparagraphskip=\skip147
\cftparagraphindent=\skip148
\cftparagraphnumwidth=\skip149
\cftbeforesubparagraphskip=\skip150
\cftsubparagraphindent=\skip151
\cftsubparagraphnumwidth=\skip152
\prechapterprecisshift=\dimen138
\c@maxsecnumdepth=\count111
\bibindent=\dimen139
\bibitemsep=\skip153
\indexcolsep=\skip154
\indexrule=\skip155
\indexmarkstyle=\toks18
\@indexbox=\insert199
\glossarycolsep=\dimen140
\glossaryrule=\dimen141
\sideparvshift=\skip156
\sideins=\insert198
\sidebartopsep=\skip157
\sidebarhsep=\skip158
\sidebarvsep=\skip159
\sidebarwidth=\skip160
\footmarkwidth=\skip161
\footmarksep=\skip162
\footparindent=\skip163
\footinsdim=\skip164
\footinsv@r=\insert197
\@mpfootinsv@r=\insert196
\m@m@k=\count112
\m@m@h=\dimen142
\m@mipn@skip=\skip165
\sidefootins=\insert195
\sidefootadjust=\skip166
\sidefootheight=\skip167
\sidefoothsep=\skip168
\sidefootvsep=\skip169
\sidefootwidth=\skip170
\m@mdownsf=\skip171
\c@sidefootnote=\count113
\sidefootmarkwidth=\skip172
\sidefootmarksep=\skip173
\sidefootparindent=\skip174
\c@pagenote=\count114
\c@pagenoteshadow=\count115
\mem@pn@lastkern=\skip175
\every@verbatim=\toks19
\afterevery@verbatim=\toks20
\verbatim@line=\toks21
\tab@position=\count116
\verbatim@in@stream=\read1
\verbatimindent=\skip176
\verbatim@out=\write3
\bvboxsep=\skip177
\c@memfbvline=\count117
\c@bvlinectr=\count118
\bvnumlength=\skip178
\fb@frw=\dimen143
\fb@frh=\dimen144
\FrameRule=\dimen145
\FrameSep=\dimen146
\c@cp@cntr=\count119
LaTeX Info: Redefining \: on input line 12114.
LaTeX Info: Redefining \! on input line 12116.
\c@ism@mctr=\count120
\c@xsm@mctr=\count121
\c@csm@mctr=\count122
\c@ksm@mctr=\count123
\c@xksm@mctr=\count124
\c@cksm@mctr=\count125
\c@msm@mctr=\count126
\c@xmsm@mctr=\count127
\c@cmsm@mctr=\count128
\c@bsm@mctr=\count129
\c@workm@mctr=\count130
\c@sheetsequence=\count131
\c@lastsheet=\count132
\c@lastpage=\count133
\c@figure=\count134
\c@lofdepth=\count135
\cftbeforefigureskip=\skip179
\cftfigureindent=\skip180
\cftfigurenumwidth=\skip181
\c@table=\count136
\c@lotdepth=\count137
\cftbeforetableskip=\skip182
\cfttableindent=\skip183
\cfttablenumwidth=\skip184
Package abstract [2008/07/23] emulated by memoir.
Package appendix [2008/07/23] emulated by memoir.
Package booktabs [2016/05/16] emulated by memoir.
Package ccaption [2008/07/23] emulated by memoir.
Package changepage [2008/07/23] emulated by memoir.
Package chngcntr [2008/07/23] emulated by memoir.
Package chngpage [2008/07/23] emulated by memoir.
Package crop emulated by memoir.
Package enumerate [2008/07/23] emulated by memoir.
Package epigraph [2008/07/23] emulated by memoir.
Package ifmtarg [2008/07/23] emulated by memoir.
Package index [2008/07/23] emulated by memoir.
Package makeidx [2008/07/23] emulated by memoir.
Package moreverb [2008/07/23] emulated by memoir.
Package mparhack [2008/07/23] emulated by memoir.
Package needspace [2008/07/23] emulated by memoir.
Package newfile [2008/07/23] emulated by memoir.
Package nextpage [2008/07/23] emulated by memoir.
Package pagenote [2008/07/23] emulated by memoir.
Package parskip [2008/07/23] emulated by memoir.
Package patchcmd [2008/07/23] emulated by memoir.
Package setspace [2008/07/23] emulated by memoir.
Package shortvrb [2008/07/23] emulated by memoir.
Package showidx [2008/07/23] emulated by memoir.
Package titleref [2008/07/23] emulated by memoir.
Package titling [2008/07/23] emulated by memoir.
Package tocbibind [2008/07/23] emulated by memoir.
Package tocloft [2008/07/23] emulated by memoir.
Package tocvsec2 [2008/07/23] emulated by memoir.
Package verbatim [2008/07/23] emulated by memoir.
Package verse [2008/07/23] emulated by memoir.
)
(/app/texmf-dist/tex/latex/textcase/textcase.sty
Package: textcase 2004/10/07 v0.07 Text only upper/lower case changing (DPC)
LaTeX Info: Redefining \MakeTextUppercase on input line 47.
LaTeX Info: Redefining \MakeTextLowercase on input line 50.
)
(/app/texmf-dist/tex/latex/hyperref/hyperref.sty
Package: hyperref 2018/11/30 v6.88e Hypertext links for LaTeX

(/app/texmf-dist/tex/generic/oberdiek/hobsub-hyperref.sty
Package: hobsub-hyperref 2016/05/16 v1.14 Bundle oberdiek, subset hyperref (HO)


(/app/texmf-dist/tex/generic/oberdiek/hobsub-generic.sty
Package: hobsub-generic 2016/05/16 v1.14 Bundle oberdiek, subset generic (HO)
Package: hobsub 2016/05/16 v1.14 Construct package bundles (HO)
Package: infwarerr 2016/05/16 v1.4 Providing info/warning/error messages (HO)
Package: ltxcmds 2016/05/16 v1.23 LaTeX kernel commands for general use (HO)
Package hobsub Info: Skipping package `ifluatex' (already loaded).
Package: ifvtex 2016/05/16 v1.6 Detect VTeX and its facilities (HO)
Package ifvtex Info: VTeX not detected.
Package: intcalc 2016/05/16 v1.2 Expandable calculations with integers (HO)
Package hobsub Info: Skipping package `ifpdf' (already loaded).
Package: etexcmds 2016/05/16 v1.6 Avoid name clashes with e-TeX commands (HO)
Package: kvsetkeys 2016/05/16 v1.17 Key value parser (HO)
Package: kvdefinekeys 2016/05/16 v1.4 Define keys (HO)
Package: pdftexcmds 2018/09/10 v0.29 Utility functions of pdfTeX for LuaTeX (HO
)
Package pdftexcmds Info: LuaTeX not detected.
Package pdftexcmds Info: \pdf@primitive is available.
Package pdftexcmds Info: \pdf@ifprimitive is available.
Package pdftexcmds Info: \pdfdraftmode found.
Package: pdfescape 2016/05/16 v1.14 Implements pdfTeX's escape features (HO)
Package: bigintcalc 2016/05/16 v1.4 Expandable calculations on big integers (HO
)
Package: bitset 2016/05/16 v1.2 Handle bit-vector datatype (HO)
Package: uniquecounter 2016/05/16 v1.3 Provide unlimited unique counter (HO)
)
Package hobsub Info: Skipping package `hobsub' (already loaded).
Package: letltxmacro 2016/05/16 v1.5 Let assignment for LaTeX macros (HO)
Package: hopatch 2016/05/16 v1.3 Wrapper for package hooks (HO)
Package: xcolor-patch 2016/05/16 xcolor patch
Package: atveryend 2016/05/16 v1.9 Hooks at the very end of document (HO)
Package atveryend Info: \enddocument detected (standard20110627).
Package: atbegshi 2016/06/09 v1.18 At begin shipout hook (HO)
Package: refcount 2016/05/16 v3.5 Data extraction from label references (HO)
Package: hycolor 2016/05/16 v1.8 Color options for hyperref/bookmark (HO)
)
(/app/texmf-dist/tex/latex/graphics/keyval.sty
Package: keyval 2014/10/28 v1.15 key=value parser (DPC)
\KV@toks@=\toks22
)
(/app/texmf-dist/tex/latex/oberdiek/auxhook.sty
Package: auxhook 2016/05/16 v1.4 Hooks for auxiliary files (HO)
)
(/app/texmf-dist/tex/latex/oberdiek/kvoptions.sty
Package: kvoptions 2016/05/16 v3.12 Key value format for package options (HO)
)
\@linkdim=\dimen147
\Hy@linkcounter=\count138
\Hy@pagecounter=\count139

(/app/texmf-dist/tex/latex/hyperref/pd1enc.def
File: pd1enc.def 2018/11/30 v6.88e Hyperref: PDFDocEncoding definition (HO)
Now handling font encoding PD1 ...
... no UTF-8 mapping file for font encoding PD1
)
\Hy@SavedSpaceFactor=\count140

(/app/texmf-dist/tex/latex/latexconfig/hyperref.cfg
File: hyperref.cfg 2002/06/06 v1.2 hyperref configuration of TeXLive
)
Package hyperref Info: Hyper figures OFF on input line 4519.
Package hyperref Info: Link nesting OFF on input line 4524.
Package hyperref Info: Hyper index ON on input line 4527.
Package hyperref Info: Plain pages OFF on input line 4534.
Package hyperref Info: Backreferencing OFF on input line 4539.
Package hyperref Info: Implicit mode ON; LaTeX internals redefined.
Package hyperref Info: Bookmarks ON on input line 4772.
\c@Hy@tempcnt=\count141

(/app/texmf-dist/tex/latex/url/url.sty
\Urlmuskip=\muskip10
Package: url 2013/09/16  ver 3.4  Verb mode for urls, etc.
)
LaTeX Info: Redefining \url on input line 5125.
\XeTeXLinkMargin=\dimen148
\Fld@menulength=\count142
\Field@Width=\dimen149
\Fld@charsize=\dimen150
Package hyperref Info: Hyper figures OFF on input line 6380.
Package hyperref Info: Link nesting OFF on input line 6385.
Package hyperref Info: Hyper index ON on input line 6388.
Package hyperref Info: backreferencing OFF on input line 6395.
Package hyperref Info: Link coloring OFF on input line 6400.
Package hyperref Info: Link coloring with OCG OFF on input line 6405.
Package hyperref Info: PDF/A mode OFF on input line 6410.
LaTeX Info: Redefining \ref on input line 6450.
LaTeX Info: Redefining \pageref on input line 6454.
\Hy@abspage=\count143
\c@Item=\count144
\c@Hfootnote=\count145
)
(/app/texmf-dist/tex/latex/memoir/memhfixc.sty
Package: memhfixc 2013/05/30 v1.17 nameref/hyperref package fixes for memoir cl
ass
\c@memhycontfloat=\count146
\c@Hpagenote=\count147
)
Package hyperref Info: Driver (autodetected): hpdftex.

(/app/texmf-dist/tex/latex/hyperref/hpdftex.def
File: hpdftex.def 2018/11/30 v6.88e Hyperref driver for pdfTeX
\Fld@listcount=\count148
\c@bookmark@seq@number=\count149

(/app/texmf-dist/tex/latex/oberdiek/rerunfilecheck.sty
Package: rerunfilecheck 2016/05/16 v1.8 Rerun checks for auxiliary files (HO)
Package uniquecounter Info: New unique counter `rerunfilecheck' on input line 2
82.
)
\Hy@SectionHShift=\skip185
)
(/app/texmf-dist/tex/latex/oberdiek/bookmark.sty
Package: bookmark 2016/05/17 v1.26 PDF bookmarks (HO)

(/app/texmf-dist/tex/latex/oberdiek/bkm-pdftex.def
File: bkm-pdftex.def 2016/05/17 v1.26 bookmark driver for pdfTeX (HO)
\BKM@id=\count150
))
(/app/texmf-dist/tex/generic/babel/babel.sty
Package: babel 2019/04/03 3.29 The Babel package

(/app/texmf-dist/tex/generic/babel/switch.def
File: switch.def 2019/04/03 3.29 Babel switching mechanism
)
(/app/texmf-dist/tex/generic/babel-english/english.ldf
Language: english 2017/06/06 v3.3r English support from the babel system

(/app/texmf-dist/tex/generic/babel/babel.def
File: babel.def 2019/04/03 3.29 Babel common definitions
\babel@savecnt=\count151
\U@D=\dimen151

(/app/texmf-dist/tex/generic/babel/txtbabel.def)
\bbl@dirlevel=\count152
)
\l@canadian = a dialect from \language\l@american 
\l@australian = a dialect from \language\l@british 
\l@newzealand = a dialect from \language\l@british 
)
(/app/texmf-dist/tex/generic/babel-portuges/portuges.ldf
Language: portuges 2008/03/18 v1.2q Portuguese support from the babel system
\l@brazil = a dialect from \language\l@portuges 
Package babel Info: Making " an active character on input line 145.
))
(/app/texmf-dist/tex/latex/enumitem/enumitem.sty
Package: enumitem 2019/02/04 v3.8 Customized lists
\labelindent=\skip186
\enit@outerparindent=\dimen152
\enit@toks=\toks23
\enit@inbox=\box32
\enit@count@id=\count153
\enitdp@description=\count154
)
(/app/texmf-dist/tex/latex/tools/calc.sty
Package: calc 2017/05/25 v4.3 Infix arithmetic (KKT,FJ)
\calc@Acount=\count155
\calc@Bcount=\count156
\calc@Adimen=\dimen153
\calc@Bdimen=\dimen154
\calc@Askip=\skip187
\calc@Bskip=\skip188
LaTeX Info: Redefining \setlength on input line 80.
LaTeX Info: Redefining \addtolength on input line 81.
\calc@Ccount=\count157
\calc@Cskip=\skip189
)

******************************************************
Stock height and width: 845.04684pt by 597.50787pt
Top and edge trims: 0pt and 0pt
Page height and width: 845.04684pt by 597.50787pt
Text height and width: 708pt by 455pt
Spine and edge margins: 85.35826pt and 56.9055pt
Upper and lower margins: 85.35826pt and 51.68858pt
Headheight and headsep: 14.5pt and 19.8738pt
Footskip: 30pt
Columnsep and columnseprule: 10pt and 0pt
Marginparsep and marginparwidth: 7pt and 42.9055pt
Sidecapsep and sidecapwidth: 7pt and 42pt
Sidebarhsep and sidebarwidth: 7pt and 42pt
Sidebarvsep and sidebartopsep: 14.5pt and 0pt
Sidebarheight: 590.14995pt
Sidefoothsep and sidefootwidth: 7pt and 42pt
Sidefootvsep and sidefootheight: 14.5pt and 590.14995pt
******************************************************

\c@abntex@bookmarkcounter=\count158
\cftlastnumwidth=\skip190
\chapternamenumlength=\skip191
\ABNTEXcitacaorecuo=\skip192
\c@alineasi=\count159
\c@alineasii=\count160
\enitdp@alineas=\count161
\c@subalineasi=\count162
\enitdp@subalineas=\count163
\c@incisosi=\count164
\enitdp@incisos=\count165
\ABNTEXsignwidth=\skip193
\ABNTEXsignthickness=\skip194
\ABNTEXsignskip=\skip256
) (/app/texmf-dist/tex/latex/lm/lmodern.sty
Package: lmodern 2009/10/30 v1.6 Latin Modern Fonts
LaTeX Font Info:    Overwriting symbol font `operators' in version `normal'
(Font)                  OT1/cmr/m/n --> OT1/lmr/m/n on input line 22.
LaTeX Font Info:    Overwriting symbol font `letters' in version `normal'
(Font)                  OML/cmm/m/it --> OML/lmm/m/it on input line 23.
LaTeX Font Info:    Overwriting symbol font `symbols' in version `normal'
(Font)                  OMS/cmsy/m/n --> OMS/lmsy/m/n on input line 24.
LaTeX Font Info:    Overwriting symbol font `largesymbols' in version `normal'
(Font)                  OMX/cmex/m/n --> OMX/lmex/m/n on input line 25.
LaTeX Font Info:    Overwriting symbol font `operators' in version `bold'
(Font)                  OT1/cmr/bx/n --> OT1/lmr/bx/n on input line 26.
LaTeX Font Info:    Overwriting symbol font `letters' in version `bold'
(Font)                  OML/cmm/b/it --> OML/lmm/b/it on input line 27.
LaTeX Font Info:    Overwriting symbol font `symbols' in version `bold'
(Font)                  OMS/cmsy/b/n --> OMS/lmsy/b/n on input line 28.
LaTeX Font Info:    Overwriting symbol font `largesymbols' in version `bold'
(Font)                  OMX/cmex/m/n --> OMX/lmex/m/n on input line 29.
LaTeX Font Info:    Overwriting math alphabet `\mathbf' in version `normal'
(Font)                  OT1/cmr/bx/n --> OT1/lmr/bx/n on input line 31.
LaTeX Font Info:    Overwriting math alphabet `\mathsf' in version `normal'
(Font)                  OT1/cmss/m/n --> OT1/lmss/m/n on input line 32.
LaTeX Font Info:    Overwriting math alphabet `\mathit' in version `normal'
(Font)                  OT1/cmr/m/it --> OT1/lmr/m/it on input line 33.
LaTeX Font Info:    Overwriting math alphabet `\mathtt' in version `normal'
(Font)                  OT1/cmtt/m/n --> OT1/lmtt/m/n on input line 34.
LaTeX Font Info:    Overwriting math alphabet `\mathbf' in version `bold'
(Font)                  OT1/cmr/bx/n --> OT1/lmr/bx/n on input line 35.
LaTeX Font Info:    Overwriting math alphabet `\mathsf' in version `bold'
(Font)                  OT1/cmss/bx/n --> OT1/lmss/bx/n on input line 36.
LaTeX Font Info:    Overwriting math alphabet `\mathit' in version `bold'
(Font)                  OT1/cmr/bx/it --> OT1/lmr/bx/it on input line 37.
LaTeX Font Info:    Overwriting math alphabet `\mathtt' in version `bold'
(Font)                  OT1/cmtt/m/n --> OT1/lmtt/m/n on input line 38.
)
(/app/texmf-dist/tex/latex/base/fontenc.sty
Package: fontenc 2018/08/11 v2.0j Standard LaTeX package

(/app/texmf-dist/tex/latex/base/t1enc.def
File: t1enc.def 2018/08/11 v2.0j Standard LaTeX file
LaTeX Font Info:    Redeclaring font encoding T1 on input line 48.
))
(/app/texmf-dist/tex/latex/base/inputenc.sty
Package: inputenc 2018/08/11 v1.3c Input encoding file
\inpenc@prehook=\toks24
\inpenc@posthook=\toks25
)
(/app/texmf-dist/tex/latex/lastpage/lastpage.sty
Package: lastpage 2015/03/29 v1.2m Refers to last page's name (HMM; JPG)
)
(/app/texmf-dist/tex/latex/tools/indentfirst.sty
Package: indentfirst 1995/11/23 v1.03 Indent first paragraph (DPC)
)
(/app/texmf-dist/tex/latex/graphics/color.sty
Package: color 2016/07/10 v1.1e Standard LaTeX Color (DPC)

(/app/texmf-dist/tex/latex/graphics-cfg/color.cfg
File: color.cfg 2016/01/02 v1.6 sample color configuration
)
Package color Info: Driver file: pdftex.def on input line 147.

(/app/texmf-dist/tex/latex/graphics-def/pdftex.def
File: pdftex.def 2018/01/08 v1.0l Graphics/color driver for pdftex
))
(/app/texmf-dist/tex/latex/xcolor/xcolor.sty
Package: xcolor 2016/05/11 v2.12 LaTeX color extensions (UK)

(/app/texmf-dist/tex/latex/graphics-cfg/color.cfg
File: color.cfg 2016/01/02 v1.6 sample color configuration
)
Package xcolor Info: Driver file: pdftex.def on input line 225.
LaTeX Info: Redefining \color on input line 709.
Package xcolor Info: Model `cmy' substituted by `cmy0' on input line 1348.
Package xcolor Info: Model `hsb' substituted by `rgb' on input line 1352.
Package xcolor Info: Model `RGB' extended on input line 1364.
Package xcolor Info: Model `HTML' substituted by `rgb' on input line 1366.
Package xcolor Info: Model `Hsb' substituted by `hsb' on input line 1367.
Package xcolor Info: Model `tHsb' substituted by `hsb' on input line 1368.
Package xcolor Info: Model `HSB' substituted by `hsb' on input line 1369.
Package xcolor Info: Model `Gray' substituted by `gray' on input line 1370.
Package xcolor Info: Model `wave' substituted by `hsb' on input line 1371.
)
(/app/texmf-dist/tex/latex/graphics/graphicx.sty
Package: graphicx 2017/06/01 v1.1a Enhanced LaTeX Graphics (DPC,SPQR)

(/app/texmf-dist/tex/latex/graphics/graphics.sty
Package: graphics 2017/06/25 v1.2c Standard LaTeX Graphics (DPC,SPQR)

(/app/texmf-dist/tex/latex/graphics/trig.sty
Package: trig 2016/01/03 v1.10 sin cos tan (DPC)
)
(/app/texmf-dist/tex/latex/graphics-cfg/graphics.cfg
File: graphics.cfg 2016/06/04 v1.11 sample graphics configuration
)
Package graphics Info: Driver file: pdftex.def on input line 99.
)
\Gin@req@height=\dimen155
\Gin@req@width=\dimen156
)
(/app/texmf-dist/tex/latex/graphics/epsfig.sty
Package: epsfig 2017/06/25 v1.7b (e)psfig emulation (SPQR)
\epsfxsize=\dimen157
\epsfysize=\dimen158
)
(/app/texmf-dist/tex/latex/subfig/subfig.sty
Package: subfig 2005/06/28 ver: 1.3 subfig package


Class memoir Warning: You are using the caption package with the memoir class. 
To prepare we will now reset all captioning macros and configurations to kernel
 defaults, and then let the caption package take over. Please remember to use
 the caption package interfaces in order to
 configure your captions.

(/app/texmf-dist/tex/latex/caption/caption.sty
Package: caption 2018/10/06 v3.3-154 Customizing captions (AR)

(/app/texmf-dist/tex/latex/caption/caption3.sty
Package: caption3 2018/09/12 v1.8c caption3 kernel (AR)
Package caption3 Info: TeX engine: e-TeX on input line 64.
\captionmargin=\dimen159
\captionmargin@=\dimen160
\captionwidth=\dimen161
\caption@tempdima=\dimen162
\caption@indent=\dimen163
\caption@parindent=\dimen164
\caption@hangindent=\dimen165
)
\c@caption@flags=\count166
\c@ContinuedFloat=\count167
Package caption Info: hyperref package is loaded.
)
\c@KVtest=\count168
\sf@farskip=\skip257
\sf@captopadj=\dimen166
\sf@capskip=\skip258
\sf@nearskip=\skip259
\c@subfigure=\count169
\c@subfigure@save=\count170
\c@subtable=\count171
\c@subtable@save=\count172
\sf@top=\skip260
\sf@bottom=\skip261
)
(/app/texmf-dist/tex/latex/float/float.sty
Package: float 2001/11/08 v1.3d Float enhancements (AL)
\c@float@type=\count173
\float@exts=\toks26
\float@box=\box33
\@float@everytoks=\toks27
\@floatcapt=\box34
)
(/app/texmf-dist/tex/latex/microtype/microtype.sty
Package: microtype 2019/02/28 v2.7b Micro-typographical refinements (RS)
\MT@toks=\toks28
\MT@count=\count174
LaTeX Info: Redefining \textls on input line 790.
\MT@outer@kern=\dimen167
LaTeX Info: Redefining \textmicrotypecontext on input line 1336.
\MT@listname@count=\count175

(/app/texmf-dist/tex/latex/microtype/microtype-pdftex.def
File: microtype-pdftex.def 2019/02/28 v2.7b Definitions specific to pdftex (RS)

LaTeX Info: Redefining \lsstyle on input line 914.
LaTeX Info: Redefining \lslig on input line 914.
\MT@outer@space=\skip262
)
Package microtype Info: Loading configuration file microtype.cfg.

(/app/texmf-dist/tex/latex/microtype/microtype.cfg
File: microtype.cfg 2019/02/28 v2.7b microtype main configuration file (RS)
))
(/app/texmf-dist/tex/latex/lipsum/lipsum.sty
(/app/texmf-dist/tex/latex/l3kernel/expl3.sty
Package: expl3 2019-04-06 L3 programming layer (loader) 

(/app/texmf-dist/tex/latex/l3kernel/expl3-code.tex
Package: expl3 2019-04-06 L3 programming layer (code)
\c_max_int=\count176
\l_tmpa_int=\count177
\l_tmpb_int=\count178
\g_tmpa_int=\count179
\g_tmpb_int=\count180
\g__kernel_prg_map_int=\count181
\c__ior_term_ior=\count182
\c_log_iow=\count183
\l_iow_line_count_int=\count184
\l__iow_line_target_int=\count185
\l__iow_one_indent_int=\count186
\l__iow_indent_int=\count187
\c_zero_dim=\dimen168
\c_max_dim=\dimen169
\l_tmpa_dim=\dimen170
\l_tmpb_dim=\dimen171
\g_tmpa_dim=\dimen172
\g_tmpb_dim=\dimen173
\c_zero_skip=\skip263
\c_max_skip=\skip264
\l_tmpa_skip=\skip265
\l_tmpb_skip=\skip266
\g_tmpa_skip=\skip267
\g_tmpb_skip=\skip268
\c_zero_muskip=\muskip11
\c_max_muskip=\muskip12
\l_tmpa_muskip=\muskip13
\l_tmpb_muskip=\muskip14
\g_tmpa_muskip=\muskip15
\g_tmpb_muskip=\muskip16
\l_keys_choice_int=\count188
\l__intarray_loop_int=\count189
\c__intarray_sp_dim=\dimen174
\g__intarray_font_int=\count190
\c__fp_leading_shift_int=\count191
\c__fp_middle_shift_int=\count192
\c__fp_trailing_shift_int=\count193
\c__fp_big_leading_shift_int=\count194
\c__fp_big_middle_shift_int=\count266
\c__fp_big_trailing_shift_int=\count267
\c__fp_Bigg_leading_shift_int=\count268
\c__fp_Bigg_middle_shift_int=\count269
\c__fp_Bigg_trailing_shift_int=\count270
\c__kernel_randint_max_int=\count271
\g__fp_array_int=\count272
\l__fp_array_loop_int=\count273
\l__sort_length_int=\count274
\l__sort_min_int=\count275
\l__sort_top_int=\count276
\l__sort_max_int=\count277
\l__sort_true_max_int=\count278
\l__sort_block_int=\count279
\l__sort_begin_int=\count280
\l__sort_end_int=\count281
\l__sort_A_int=\count282
\l__sort_B_int=\count283
\l__sort_C_int=\count284
\l__tl_analysis_normal_int=\count285
\l__tl_analysis_index_int=\count286
\l__tl_analysis_nesting_int=\count287
\l__tl_analysis_type_int=\count288
\l__regex_internal_a_int=\count289
\l__regex_internal_b_int=\count290
\l__regex_internal_c_int=\count291
\l__regex_balance_int=\count292
\l__regex_group_level_int=\count293
\l__regex_mode_int=\count294
\c__regex_cs_in_class_mode_int=\count295
\c__regex_cs_mode_int=\count296
\l__regex_catcodes_int=\count297
\l__regex_default_catcodes_int=\count298
\c__regex_catcode_D_int=\count299
\c__regex_catcode_S_int=\count300
\c__regex_catcode_L_int=\count301
\c__regex_catcode_O_int=\count302
\c__regex_catcode_A_int=\count303
\c__regex_all_catcodes_int=\count304
\l__regex_show_lines_int=\count305
\l__regex_min_state_int=\count306
\l__regex_max_state_int=\count307
\l__regex_left_state_int=\count308
\l__regex_right_state_int=\count309
\l__regex_capturing_group_int=\count310
\l__regex_min_pos_int=\count311
\l__regex_max_pos_int=\count312
\l__regex_curr_pos_int=\count313
\l__regex_start_pos_int=\count314
\l__regex_success_pos_int=\count315
\l__regex_curr_char_int=\count316
\l__regex_curr_catcode_int=\count317
\l__regex_last_char_int=\count318
\l__regex_case_changed_char_int=\count319
\l__regex_curr_state_int=\count320
\l__regex_step_int=\count321
\l__regex_min_active_int=\count322
\l__regex_max_active_int=\count323
\l__regex_replacement_csnames_int=\count324
\l__regex_match_count_int=\count325
\l__regex_min_submatch_int=\count326
\l__regex_submatch_int=\count327
\l__regex_zeroth_submatch_int=\count328
\g__regex_trace_regex_int=\count329
\c_empty_box=\box35
\l_tmpa_box=\box36
\l_tmpb_box=\box37
\g_tmpa_box=\box38
\g_tmpb_box=\box39
\l__box_top_dim=\dimen175
\l__box_bottom_dim=\dimen176
\l__box_left_dim=\dimen177
\l__box_right_dim=\dimen178
\l__box_top_new_dim=\dimen179
\l__box_bottom_new_dim=\dimen180
\l__box_left_new_dim=\dimen181
\l__box_right_new_dim=\dimen182
\l__box_internal_box=\box40
\l__coffin_internal_box=\box41
\l__coffin_internal_dim=\dimen183
\l__coffin_offset_x_dim=\dimen184
\l__coffin_offset_y_dim=\dimen185
\l__coffin_x_dim=\dimen186
\l__coffin_y_dim=\dimen187
\l__coffin_x_prime_dim=\dimen188
\l__coffin_y_prime_dim=\dimen189
\c_empty_coffin=\box42
\l__coffin_aligned_coffin=\box43
\l__coffin_aligned_internal_coffin=\box44
\l_tmpa_coffin=\box45
\l_tmpb_coffin=\box46
\g_tmpa_coffin=\box47
\g_tmpb_coffin=\box48
\l__coffin_bounding_shift_dim=\dimen190
\l__coffin_left_corner_dim=\dimen191
\l__coffin_right_corner_dim=\dimen192
\l__coffin_bottom_corner_dim=\dimen193
\l__coffin_top_corner_dim=\dimen194
\l__coffin_scaled_total_height_dim=\dimen256
\l__coffin_scaled_width_dim=\dimen257
\c__coffin_empty_coffin=\box49
\l__coffin_display_coffin=\box50
\l__coffin_display_coord_coffin=\box51
\l__coffin_display_pole_coffin=\box52
\l__coffin_display_offset_dim=\dimen258
\l__coffin_display_x_dim=\dimen259
\l__coffin_display_y_dim=\dimen260
\g__file_internal_ior=\read2
\l__seq_internal_a_int=\count330
\l__seq_internal_b_int=\count331
\c__deprecation_minus_one=\count332
)
(/app/texmf-dist/tex/latex/l3kernel/l3pdfmode.def
File: l3pdfmode.def 2019-04-06 v L3 Experimental driver: PDF mode
\l__driver_color_stack_int=\count333
))
(/app/texmf-dist/tex/latex/l3packages/xparse/xparse.sty
Package: xparse 2019-03-05 L3 Experimental document command parser
\l__xparse_current_arg_int=\count334
\g__xparse_grabber_int=\count335
\l__xparse_m_args_int=\count336
\l__xparse_v_nesting_int=\count337
)
Package: lipsum 2019/01/02 v2.2 150 paragraphs of Lorem Ipsum dummy text

(/app/texmf-dist/tex/latex/lipsum/lipsum.ltd.tex
File: lipsum.ltd.tex 2019/01/02 v2.2 The Lorem ipsum dummy text
))
(/app/texmf-dist/tex/latex/amsmath/amsmath.sty
Package: amsmath 2018/12/01 v2.17b AMS math features
\@mathmargin=\skip269

For additional information on amsmath, use the `?' option.
(/app/texmf-dist/tex/latex/amsmath/amstext.sty
Package: amstext 2000/06/29 v2.01 AMS text

(/app/texmf-dist/tex/latex/amsmath/amsgen.sty
File: amsgen.sty 1999/11/30 v2.0 generic functions
\@emptytoks=\toks29
\ex@=\dimen261
))
(/app/texmf-dist/tex/latex/amsmath/amsbsy.sty
Package: amsbsy 1999/11/29 v1.2d Bold Symbols
\pmbraise@=\dimen262
)
(/app/texmf-dist/tex/latex/amsmath/amsopn.sty
Package: amsopn 2016/03/08 v2.02 operator names
)
\inf@bad=\count338
LaTeX Info: Redefining \frac on input line 223.
\uproot@=\count339
\leftroot@=\count340
LaTeX Info: Redefining \overline on input line 385.
\classnum@=\count341
\DOTSCASE@=\count342
LaTeX Info: Redefining \ldots on input line 482.
LaTeX Info: Redefining \dots on input line 485.
LaTeX Info: Redefining \cdots on input line 606.
\Mathstrutbox@=\box53
\strutbox@=\box54
\big@size=\dimen263
LaTeX Font Info:    Redeclaring font encoding OML on input line 729.
LaTeX Font Info:    Redeclaring font encoding OMS on input line 730.
\macc@depth=\count343
\c@MaxMatrixCols=\count344
\dotsspace@=\muskip17
\c@parentequation=\count345
\dspbrk@lvl=\count346
\tag@help=\toks30
\row@=\count347
\column@=\count348
\maxfields@=\count349
\andhelp@=\toks31
\eqnshift@=\dimen264
\alignsep@=\dimen265
\tagshift@=\dimen266
\tagwidth@=\dimen267
\totwidth@=\dimen268
\lineht@=\dimen269
\@envbody=\toks32
\multlinegap=\skip270
\multlinetaggap=\skip271
\mathdisplay@stack=\toks33
LaTeX Info: Redefining \[ on input line 2844.
LaTeX Info: Redefining \] on input line 2845.
)
(/app/texmf-dist/tex/latex/amsfonts/amssymb.sty
Package: amssymb 2013/01/14 v3.01 AMS font symbols

(/app/texmf-dist/tex/latex/amsfonts/amsfonts.sty
Package: amsfonts 2013/01/14 v3.01 Basic AMSFonts support
\symAMSa=\mathgroup4
\symAMSb=\mathgroup5
LaTeX Font Info:    Overwriting math alphabet `\mathfrak' in version `bold'
(Font)                  U/euf/m/n --> U/euf/b/n on input line 106.
))
(/app/texmf-dist/tex/latex/jknapltx/mathrsfs.sty
Package: mathrsfs 1996/01/01 Math RSFS package v1.0 (jk)
\symrsfs=\mathgroup6
)
(/app/texmf-dist/tex/latex/tools/afterpage.sty
Package: afterpage 2014/10/28 v1.08 After-Page Package (DPC)
\AP@output=\toks34
\AP@partial=\box55
\AP@footins=\box56
)
(/app/texmf-dist/tex/latex/svg/svg.sty
Package: svg 2018/11/12 v2.02b (include SVG pictures)

(/app/texmf-dist/tex/latex/koma-script/scrbase.sty
Package: scrbase 2019/02/01 v3.26b KOMA-Script package (KOMA-Script-independent
 basics and keyval usage)

(/app/texmf-dist/tex/latex/koma-script/scrlfile.sty
Package: scrlfile 2019/02/01 v3.26b KOMA-Script package (loading files)


LaTeX Warning: Command \InputIfFileExists  has changed.
               Check if current package is valid.

)) (/app/texmf-dist/tex/latex/tools/shellesc.sty
Package: shellesc 2016/06/07 v0.02a unified shell escape interface for LaTeX
Package shellesc Info: Restricted shell escape enabled on input line 69.
)
(/app/texmf-dist/tex/latex/trimspaces/trimspaces.sty
Package: trimspaces 2009/09/17 v1.1 Trim spaces around a token list
)
\svg@box=\box57
\c@svg@param@lastpage=\count350
\c@svg@param@currpage=\count351
)
(/app/texmf-dist/tex/latex/oberdiek/transparent.sty
Package: transparent 2018/11/18 v1.3 Transparency via pdfTeX's color stack (HO)

)
(/app/texmf-dist/tex/latex/physics/physics.sty
Package: physics 
)
(/app/texmf-dist/tex/latex/pgf/frontendlayer/tikz.sty
(/app/texmf-dist/tex/latex/pgf/basiclayer/pgf.sty
(/app/texmf-dist/tex/latex/pgf/utilities/pgfrcs.sty
(/app/texmf-dist/tex/generic/pgf/utilities/pgfutil-common.tex
\pgfutil@everybye=\toks35
\pgfutil@tempdima=\dimen270
\pgfutil@tempdimb=\dimen271

(/app/texmf-dist/tex/generic/pgf/utilities/pgfutil-common-lists.tex))
(/app/texmf-dist/tex/generic/pgf/utilities/pgfutil-latex.def
\pgfutil@abb=\box58

(/app/texmf-dist/tex/latex/ms/everyshi.sty
Package: everyshi 2001/05/15 v3.00 EveryShipout Package (MS)
))
(/app/texmf-dist/tex/generic/pgf/utilities/pgfrcs.code.tex
(/app/texmf-dist/tex/generic/pgf/pgf.revision.tex)
Package: pgfrcs 2019/02/02 v3.1.1 (3.1.1)
))
Package: pgf 2019/02/02 v3.1.1 (3.1.1)

(/app/texmf-dist/tex/latex/pgf/basiclayer/pgfcore.sty
(/app/texmf-dist/tex/latex/pgf/systemlayer/pgfsys.sty
(/app/texmf-dist/tex/generic/pgf/systemlayer/pgfsys.code.tex
Package: pgfsys 2019/02/02 v3.1.1 (3.1.1)

(/app/texmf-dist/tex/generic/pgf/utilities/pgfkeys.code.tex
\pgfkeys@pathtoks=\toks36
\pgfkeys@temptoks=\toks37

(/app/texmf-dist/tex/generic/pgf/utilities/pgfkeysfiltered.code.tex
\pgfkeys@tmptoks=\toks38
))
\pgf@x=\dimen272
\pgf@y=\dimen273
\pgf@xa=\dimen274
\pgf@ya=\dimen275
\pgf@xb=\dimen276
\pgf@yb=\dimen277
\pgf@xc=\dimen278
\pgf@yc=\dimen279
\w@pgf@writea=\write4
\r@pgf@reada=\read3
\c@pgf@counta=\count352
\c@pgf@countb=\count353
\c@pgf@countc=\count354
\c@pgf@countd=\count355
\t@pgf@toka=\toks39
\t@pgf@tokb=\toks40
\t@pgf@tokc=\toks41
\pgf@sys@id@count=\count356

(/app/texmf-dist/tex/generic/pgf/systemlayer/pgf.cfg
File: pgf.cfg 2019/02/02 v3.1.1 (3.1.1)
)
Driver file for pgf: pgfsys-pdftex.def

(/app/texmf-dist/tex/generic/pgf/systemlayer/pgfsys-pdftex.def
File: pgfsys-pdftex.def 2019/02/02 v3.1.1 (3.1.1)

(/app/texmf-dist/tex/generic/pgf/systemlayer/pgfsys-common-pdf.def
File: pgfsys-common-pdf.def 2019/02/02 v3.1.1 (3.1.1)
)))
(/app/texmf-dist/tex/generic/pgf/systemlayer/pgfsyssoftpath.code.tex
File: pgfsyssoftpath.code.tex 2019/02/02 v3.1.1 (3.1.1)
\pgfsyssoftpath@smallbuffer@items=\count357
\pgfsyssoftpath@bigbuffer@items=\count358
)
(/app/texmf-dist/tex/generic/pgf/systemlayer/pgfsysprotocol.code.tex
File: pgfsysprotocol.code.tex 2019/02/02 v3.1.1 (3.1.1)
))
(/app/texmf-dist/tex/generic/pgf/basiclayer/pgfcore.code.tex
Package: pgfcore 2019/02/02 v3.1.1 (3.1.1)

(/app/texmf-dist/tex/generic/pgf/math/pgfmath.code.tex
(/app/texmf-dist/tex/generic/pgf/math/pgfmathcalc.code.tex
(/app/texmf-dist/tex/generic/pgf/math/pgfmathutil.code.tex)
(/app/texmf-dist/tex/generic/pgf/math/pgfmathparser.code.tex
\pgfmath@dimen=\dimen280
\pgfmath@count=\count359
\pgfmath@box=\box59
\pgfmath@toks=\toks42
\pgfmath@stack@operand=\toks43
\pgfmath@stack@operation=\toks44
)
(/app/texmf-dist/tex/generic/pgf/math/pgfmathfunctions.code.tex
(/app/texmf-dist/tex/generic/pgf/math/pgfmathfunctions.basic.code.tex)
(/app/texmf-dist/tex/generic/pgf/math/pgfmathfunctions.trigonometric.code.tex)
(/app/texmf-dist/tex/generic/pgf/math/pgfmathfunctions.random.code.tex)
(/app/texmf-dist/tex/generic/pgf/math/pgfmathfunctions.comparison.code.tex)
(/app/texmf-dist/tex/generic/pgf/math/pgfmathfunctions.base.code.tex)
(/app/texmf-dist/tex/generic/pgf/math/pgfmathfunctions.round.code.tex)
(/app/texmf-dist/tex/generic/pgf/math/pgfmathfunctions.misc.code.tex)
(/app/texmf-dist/tex/generic/pgf/math/pgfmathfunctions.integerarithmetics.code.
tex))) (/app/texmf-dist/tex/generic/pgf/math/pgfmathfloat.code.tex
\c@pgfmathroundto@lastzeros=\count360
))
(/app/texmf-dist/tex/generic/pgf/basiclayer/pgfcorepoints.code.tex
File: pgfcorepoints.code.tex 2019/02/02 v3.1.1 (3.1.1)
\pgf@picminx=\dimen281
\pgf@picmaxx=\dimen282
\pgf@picminy=\dimen283
\pgf@picmaxy=\dimen284
\pgf@pathminx=\dimen285
\pgf@pathmaxx=\dimen286
\pgf@pathminy=\dimen287
\pgf@pathmaxy=\dimen288
\pgf@xx=\dimen289
\pgf@xy=\dimen290
\pgf@yx=\dimen291
\pgf@yy=\dimen292
\pgf@zx=\dimen293
\pgf@zy=\dimen294
)
(/app/texmf-dist/tex/generic/pgf/basiclayer/pgfcorepathconstruct.code.tex
File: pgfcorepathconstruct.code.tex 2019/02/02 v3.1.1 (3.1.1)
\pgf@path@lastx=\dimen295
\pgf@path@lasty=\dimen296
)
(/app/texmf-dist/tex/generic/pgf/basiclayer/pgfcorepathusage.code.tex
File: pgfcorepathusage.code.tex 2019/02/02 v3.1.1 (3.1.1)
\pgf@shorten@end@additional=\dimen297
\pgf@shorten@start@additional=\dimen298
)
(/app/texmf-dist/tex/generic/pgf/basiclayer/pgfcorescopes.code.tex
File: pgfcorescopes.code.tex 2019/02/02 v3.1.1 (3.1.1)
\pgfpic=\box60
\pgf@hbox=\box61
\pgf@layerbox@main=\box62
\pgf@picture@serial@count=\count361
)
(/app/texmf-dist/tex/generic/pgf/basiclayer/pgfcoregraphicstate.code.tex
File: pgfcoregraphicstate.code.tex 2019/02/02 v3.1.1 (3.1.1)
\pgflinewidth=\dimen299
)
(/app/texmf-dist/tex/generic/pgf/basiclayer/pgfcoretransformations.code.tex
File: pgfcoretransformations.code.tex 2019/02/02 v3.1.1 (3.1.1)
\pgf@pt@x=\dimen300
\pgf@pt@y=\dimen301
\pgf@pt@temp=\dimen302
)
(/app/texmf-dist/tex/generic/pgf/basiclayer/pgfcorequick.code.tex
File: pgfcorequick.code.tex 2019/02/02 v3.1.1 (3.1.1)
)
(/app/texmf-dist/tex/generic/pgf/basiclayer/pgfcoreobjects.code.tex
File: pgfcoreobjects.code.tex 2019/02/02 v3.1.1 (3.1.1)
)
(/app/texmf-dist/tex/generic/pgf/basiclayer/pgfcorepathprocessing.code.tex
File: pgfcorepathprocessing.code.tex 2019/02/02 v3.1.1 (3.1.1)
)
(/app/texmf-dist/tex/generic/pgf/basiclayer/pgfcorearrows.code.tex
File: pgfcorearrows.code.tex 2019/02/02 v3.1.1 (3.1.1)
\pgfarrowsep=\dimen303
)
(/app/texmf-dist/tex/generic/pgf/basiclayer/pgfcoreshade.code.tex
File: pgfcoreshade.code.tex 2019/02/02 v3.1.1 (3.1.1)
\pgf@max=\dimen304
\pgf@sys@shading@range@num=\count362
)
(/app/texmf-dist/tex/generic/pgf/basiclayer/pgfcoreimage.code.tex
File: pgfcoreimage.code.tex 2019/02/02 v3.1.1 (3.1.1)

(/app/texmf-dist/tex/generic/pgf/basiclayer/pgfcoreexternal.code.tex
File: pgfcoreexternal.code.tex 2019/02/02 v3.1.1 (3.1.1)
\pgfexternal@startupbox=\box63
))
(/app/texmf-dist/tex/generic/pgf/basiclayer/pgfcorelayers.code.tex
File: pgfcorelayers.code.tex 2019/02/02 v3.1.1 (3.1.1)
)
(/app/texmf-dist/tex/generic/pgf/basiclayer/pgfcoretransparency.code.tex
File: pgfcoretransparency.code.tex 2019/02/02 v3.1.1 (3.1.1)
)
(/app/texmf-dist/tex/generic/pgf/basiclayer/pgfcorepatterns.code.tex
File: pgfcorepatterns.code.tex 2019/02/02 v3.1.1 (3.1.1)
)
(/app/texmf-dist/tex/generic/pgf/basiclayer/pgfcorerdf.code.tex
File: pgfcorerdf.code.tex 2019/02/02 v3.1.1 (3.1.1)
)))
(/app/texmf-dist/tex/generic/pgf/modules/pgfmoduleshapes.code.tex
File: pgfmoduleshapes.code.tex 2019/02/02 v3.1.1 (3.1.1)
\pgfnodeparttextbox=\box64
)
(/app/texmf-dist/tex/generic/pgf/modules/pgfmoduleplot.code.tex
File: pgfmoduleplot.code.tex 2019/02/02 v3.1.1 (3.1.1)
)
(/app/texmf-dist/tex/latex/pgf/compatibility/pgfcomp-version-0-65.sty
Package: pgfcomp-version-0-65 2019/02/02 v3.1.1 (3.1.1)
\pgf@nodesepstart=\dimen305
\pgf@nodesepend=\dimen306
)
(/app/texmf-dist/tex/latex/pgf/compatibility/pgfcomp-version-1-18.sty
Package: pgfcomp-version-1-18 2019/02/02 v3.1.1 (3.1.1)
))
(/app/texmf-dist/tex/latex/pgf/utilities/pgffor.sty
(/app/texmf-dist/tex/latex/pgf/utilities/pgfkeys.sty
(/app/texmf-dist/tex/generic/pgf/utilities/pgfkeys.code.tex))
(/app/texmf-dist/tex/latex/pgf/math/pgfmath.sty
(/app/texmf-dist/tex/generic/pgf/math/pgfmath.code.tex))
(/app/texmf-dist/tex/generic/pgf/utilities/pgffor.code.tex
Package: pgffor 2019/02/02 v3.1.1 (3.1.1)

(/app/texmf-dist/tex/generic/pgf/math/pgfmath.code.tex)
\pgffor@iter=\dimen307
\pgffor@skip=\dimen308
\pgffor@stack=\toks45
\pgffor@toks=\toks46
))
(/app/texmf-dist/tex/generic/pgf/frontendlayer/tikz/tikz.code.tex
Package: tikz 2019/02/02 v3.1.1 (3.1.1)

(/app/texmf-dist/tex/generic/pgf/libraries/pgflibraryplothandlers.code.tex
File: pgflibraryplothandlers.code.tex 2019/02/02 v3.1.1 (3.1.1)
\pgf@plot@mark@count=\count363
\pgfplotmarksize=\dimen309
)
\tikz@lastx=\dimen310
\tikz@lasty=\dimen311
\tikz@lastxsaved=\dimen312
\tikz@lastysaved=\dimen313
\tikzleveldistance=\dimen314
\tikzsiblingdistance=\dimen315
\tikz@figbox=\box65
\tikz@figbox@bg=\box66
\tikz@tempbox=\box67
\tikz@tempbox@bg=\box68
\tikztreelevel=\count364
\tikznumberofchildren=\count365
\tikznumberofcurrentchild=\count366
\tikz@fig@count=\count367

(/app/texmf-dist/tex/generic/pgf/modules/pgfmodulematrix.code.tex
File: pgfmodulematrix.code.tex 2019/02/02 v3.1.1 (3.1.1)
\pgfmatrixcurrentrow=\count368
\pgfmatrixcurrentcolumn=\count369
\pgf@matrix@numberofcolumns=\count370
)
\tikz@expandcount=\count371

(/app/texmf-dist/tex/generic/pgf/frontendlayer/tikz/libraries/tikzlibrarytopath
s.code.tex
File: tikzlibrarytopaths.code.tex 2019/02/02 v3.1.1 (3.1.1)
))) (/app/texmf-dist/tex/generic/mathdots/mathdots.sty
Package: mathdots 2014/06/11 v0.9 Improve and add various macros for dots in ma
th.
\MDo@unit=\dimen316
\MDo@dotsbox=\box69
\MDoprekern=\muskip18
\MDopostkern=\muskip19
\MDodotkern=\muskip20
)
(/app/texmf-dist/tex/latex/yhmath/yhmath.sty
Package: yhmath 2019/02/24 v1.5
\symyhlargesymbols=\mathgroup7
LaTeX Font Info:    Redeclaring math accent \widetilde on input line 29.
LaTeX Font Info:    Redeclaring math accent \widehat on input line 30.
LaTeX Font Info:    Redeclaring math symbol \braceld on input line 48.
LaTeX Font Info:    Redeclaring math symbol \bracerd on input line 49.
LaTeX Font Info:    Redeclaring math symbol \bracelu on input line 50.
LaTeX Font Info:    Redeclaring math symbol \braceru on input line 51.
LaTeX Font Info:    Redeclaring math delimiter \lmoustache on input line 53.
LaTeX Font Info:    Redeclaring math delimiter \rmoustache on input line 55.
LaTeX Font Info:    Redeclaring math delimiter \arrowvert on input line 57.
LaTeX Font Info:    Redeclaring math delimiter \Arrowvert on input line 59.
LaTeX Font Info:    Redeclaring math delimiter \Vert on input line 61.
LaTeX Font Info:    Redeclaring math delimiter \vert on input line 63.
LaTeX Font Info:    Redeclaring math delimiter \uparrow on input line 65.
LaTeX Font Info:    Redeclaring math delimiter \downarrow on input line 67.
LaTeX Font Info:    Redeclaring math delimiter \updownarrow on input line 69.
LaTeX Font Info:    Redeclaring math delimiter \Uparrow on input line 71.
LaTeX Font Info:    Redeclaring math delimiter \Downarrow on input line 73.
LaTeX Font Info:    Redeclaring math delimiter \Updownarrow on input line 75.
LaTeX Font Info:    Redeclaring math delimiter \backslash on input line 79.
LaTeX Font Info:    Redeclaring math delimiter \rangle on input line 81.
LaTeX Font Info:    Redeclaring math delimiter \langle on input line 83.
LaTeX Font Info:    Redeclaring math delimiter \rbrace on input line 85.
LaTeX Font Info:    Redeclaring math delimiter \lbrace on input line 87.
LaTeX Font Info:    Redeclaring math delimiter \rceil on input line 89.
LaTeX Font Info:    Redeclaring math delimiter \lceil on input line 91.
LaTeX Font Info:    Redeclaring math delimiter \rfloor on input line 93.
LaTeX Font Info:    Redeclaring math delimiter \lfloor on input line 95.
LaTeX Font Info:    Redeclaring math delimiter \lgroup on input line 97.
LaTeX Font Info:    Redeclaring math delimiter \rgroup on input line 99.
LaTeX Font Info:    Redeclaring math delimiter \bracevert on input line 101.
)
(/app/texmf-dist/tex/latex/cancel/cancel.sty
Package: cancel 2013/04/12 v2.2 Cancel math terms
)
(/app/texmf-dist/tex/latex/siunitx/siunitx.sty
Package: siunitx 2018/05/17 v2.7s A comprehensive (SI) units package

(/app/texmf-dist/tex/latex/l3packages/l3keys2e/l3keys2e.sty
Package: l3keys2e 2019-03-05 LaTeX2e option processing using LaTeX3 keys
)
\l__siunitx_tmp_box=\box70
\l__siunitx_tmp_dim=\dimen317
\l__siunitx_tmp_int=\count372
\l__siunitx_number_mantissa_length_int=\count373
\l__siunitx_number_uncert_length_int=\count374
\l__siunitx_round_int=\count375
\l__siunitx_process_decimal_int=\count376
\l__siunitx_process_uncertainty_int=\count377
\l__siunitx_process_fixed_int=\count378
\l__siunitx_process_integer_min_int=\count379
\l__siunitx_process_precision_int=\count380
\l__siunitx_group_min_int=\count381
\l__siunitx_angle_marker_box=\box71
\l__siunitx_angle_unit_box=\box72
\l__siunitx_angle_marker_dim=\dimen318
\l__siunitx_angle_unit_dim=\dimen319
\l__siunitx_unit_int=\count382
\l__siunitx_unit_denominator_int=\count383
\l__siunitx_unit_numerator_int=\count384
\l__siunitx_unit_prefix_int=\count385
\l__siunitx_unit_prefix_base_int=\count386
\l__siunitx_unit_prefix_gram_int=\count387
\l__siunitx_number_product_int=\count388
\c__siunitx_one_fill_skip=\skip272
\l__siunitx_table_unit_align_skip=\skip273
\l__siunitx_table_exponent_dim=\dimen320
\l__siunitx_table_integer_dim=\dimen321
\l__siunitx_table_mantissa_dim=\dimen322
\l__siunitx_table_marker_dim=\dimen323
\l__siunitx_table_result_dim=\dimen324
\l__siunitx_table_uncert_dim=\dimen325
\l__siunitx_table_fill_pre_dim=\dimen326
\l__siunitx_table_fill_post_dim=\dimen327
\l__siunitx_table_fill_mid_dim=\dimen328
\l__siunitx_table_pre_box=\box73
\l__siunitx_table_post_box=\box74
\l__siunitx_table_mantissa_box=\box75
\l__siunitx_table_result_box=\box76
\l__siunitx_table_number_align_skip=\skip274
\l__siunitx_table_text_align_skip=\skip275

(/app/texmf-dist/tex/latex/translator/translator.sty
Package: translator 2018/01/04 v1.12 Easy translation of strings in LaTeX
))
(/app/texmf-dist/tex/latex/multirow/multirow.sty
Package: multirow 2019/01/01 v2.4 Span multiple rows of a table
\multirow@colwidth=\skip276
\multirow@cntb=\count389
\multirow@dima=\skip277
\bigstrutjot=\dimen329
)
(/app/texmf-dist/tex/latex/was/gensymb.sty
Package: gensymb 2003/07/02 v1.0 (WaS)
)
(/app/texmf-dist/tex/generic/pgf/frontendlayer/tikz/libraries/tikzlibraryfading
s.code.tex
File: tikzlibraryfadings.code.tex 2019/02/02 v3.1.1 (3.1.1)

(/app/texmf-dist/tex/generic/pgf/libraries/pgflibraryfadings.code.tex
File: pgflibraryfadings.code.tex 2019/02/02 v3.1.1 (3.1.1)
))
(/app/texmf-dist/tex/generic/pgf/frontendlayer/tikz/libraries/tikzlibrarypatter
ns.code.tex
File: tikzlibrarypatterns.code.tex 2019/02/02 v3.1.1 (3.1.1)

(/app/texmf-dist/tex/generic/pgf/libraries/pgflibrarypatterns.code.tex
File: pgflibrarypatterns.code.tex 2019/02/02 v3.1.1 (3.1.1)
))
(/app/texmf-dist/tex/latex/pgf-blur/tikzlibraryshadows.blur.code.tex
 v1.02, 2012/12/09
(/app/texmf-dist/tex/generic/pgf/frontendlayer/tikz/libraries/tikzlibraryshadow
s.code.tex
File: tikzlibraryshadows.code.tex 2019/02/02 v3.1.1 (3.1.1)
)
(/app/texmf-dist/tex/generic/pgf/frontendlayer/tikz/libraries/tikzlibrarycalc.c
ode.tex
File: tikzlibrarycalc.code.tex 2019/02/02 v3.1.1 (3.1.1)
)
\pgfbs@fading@count=\count390
)
(/app/texmf-dist/tex/generic/pgf/frontendlayer/tikz/libraries/tikzlibraryshapes
.code.tex
File: tikzlibraryshapes.code.tex 2019/02/02 v3.1.1 (3.1.1)

(/app/texmf-dist/tex/generic/pgf/frontendlayer/tikz/libraries/tikzlibraryshapes
.geometric.code.tex
File: tikzlibraryshapes.geometric.code.tex 2019/02/02 v3.1.1 (3.1.1)

(/app/texmf-dist/tex/generic/pgf/libraries/shapes/pgflibraryshapes.geometric.co
de.tex
File: pgflibraryshapes.geometric.code.tex 2019/02/02 v3.1.1 (3.1.1)
))
(/app/texmf-dist/tex/generic/pgf/frontendlayer/tikz/libraries/tikzlibraryshapes
.misc.code.tex
File: tikzlibraryshapes.misc.code.tex 2019/02/02 v3.1.1 (3.1.1)

(/app/texmf-dist/tex/generic/pgf/libraries/shapes/pgflibraryshapes.misc.code.te
x
File: pgflibraryshapes.misc.code.tex 2019/02/02 v3.1.1 (3.1.1)
))
(/app/texmf-dist/tex/generic/pgf/frontendlayer/tikz/libraries/tikzlibraryshapes
.symbols.code.tex
File: tikzlibraryshapes.symbols.code.tex 2019/02/02 v3.1.1 (3.1.1)

(/app/texmf-dist/tex/generic/pgf/libraries/shapes/pgflibraryshapes.symbols.code
.tex
File: pgflibraryshapes.symbols.code.tex 2019/02/02 v3.1.1 (3.1.1)
))
(/app/texmf-dist/tex/generic/pgf/frontendlayer/tikz/libraries/tikzlibraryshapes
.arrows.code.tex
File: tikzlibraryshapes.arrows.code.tex 2019/02/02 v3.1.1 (3.1.1)

(/app/texmf-dist/tex/generic/pgf/libraries/shapes/pgflibraryshapes.arrows.code.
tex
File: pgflibraryshapes.arrows.code.tex 2019/02/02 v3.1.1 (3.1.1)
))
(/app/texmf-dist/tex/generic/pgf/frontendlayer/tikz/libraries/tikzlibraryshapes
.callouts.code.tex
(/app/texmf-dist/tex/generic/pgf/libraries/shapes/pgflibraryshapes.callouts.cod
e.tex))
(/app/texmf-dist/tex/generic/pgf/frontendlayer/tikz/libraries/tikzlibraryshapes
.multipart.code.tex
File: tikzlibraryshapes.multipart.code.tex 2019/02/02 v3.1.1 (3.1.1)

(/app/texmf-dist/tex/generic/pgf/libraries/shapes/pgflibraryshapes.multipart.co
de.tex
File: pgflibraryshapes.multipart.code.tex 2019/02/02 v3.1.1 (3.1.1)
\pgfnodepartlowerbox=\box77
\pgfnodeparttwobox=\box78
\pgfnodepartthreebox=\box79
\pgfnodepartfourbox=\box80
\pgfnodeparttwentybox=\box81
\pgfnodepartnineteenbox=\box82
\pgfnodeparteighteenbox=\box83
\pgfnodepartseventeenbox=\box84
\pgfnodepartsixteenbox=\box85
\pgfnodepartfifteenbox=\box86
\pgfnodepartfourteenbox=\box87
\pgfnodepartthirteenbox=\box88
\pgfnodeparttwelvebox=\box89
\pgfnodepartelevenbox=\box90
\pgfnodeparttenbox=\box91
\pgfnodepartninebox=\box92
\pgfnodeparteightbox=\box93
\pgfnodepartsevenbox=\box94
\pgfnodepartsixbox=\box95
\pgfnodepartfivebox=\box96
))) (/app/texmf-dist/tex/latex/listings/listings.sty
\lst@mode=\count391
\lst@gtempboxa=\box97
\lst@token=\toks47
\lst@length=\count392
\lst@currlwidth=\dimen330
\lst@column=\count393
\lst@pos=\count394
\lst@lostspace=\dimen331
\lst@width=\dimen332
\lst@newlines=\count395
\lst@lineno=\count396
\lst@maxwidth=\dimen333

(/app/texmf-dist/tex/latex/listings/lstmisc.sty
File: lstmisc.sty 2019/02/27 1.8b (Carsten Heinz)
\c@lstnumber=\count397
\lst@skipnumbers=\count398
\lst@framebox=\box98
)
(/app/texmf-dist/tex/latex/listings/listings.cfg
File: listings.cfg 2019/02/27 1.8b listings configuration
))
Package: listings 2019/02/27 1.8b (Carsten Heinz)

(/app/texmf-dist/tex/latex/koma-script/scrhack.sty
Package: scrhack 2019/02/01 v3.26b KOMA-Script package 

(/app/texmf-dist/tex/latex/koma-script/scrkbase.sty
Package: scrkbase 2019/02/01 v3.26b KOMA-Script package (KOMA-Script-dependent 
basics and keyval usage)
)
(/app/texmf-dist/tex/latex/xpatch/xpatch.sty
Package: xpatch 2012/10/02 v0.3 Extending etoolbox patching commands

(/app/texmf-dist/tex/latex/etoolbox/etoolbox.sty
Package: etoolbox 2018/08/19 v2.5f e-TeX tools for LaTeX (JAW)
\etb@tempcnta=\count399
))
Package scrhack Info: hyperref hack deactivated because of
(scrhack)             detection of hyperref version, that doesn't
(scrhack)             need that hack, on input line 160.
Package scrhack Info: loading float hack on input line 167.

(/app/texmf-dist/tex/latex/koma-script/float.hak
File: float.hak 2019/02/01 v3.26b KOMA-Script package (hacking package float)

(/app/texmf-dist/tex/latex/koma-script/tocbasic.sty
Package: tocbasic 2019/02/01 v3.26b KOMA-Script package (handling toc-files)
\scr@dte@tocline@numberwidth=\skip278
\scr@dte@tocline@numbox=\box99
)
Package scrhack Info: redefining \newfloat on input line 163.
Package scrhack Info: redefining \listof on input line 163.
Package scrhack Info: undefining \float@addtolists on input line 163.
)
Package scrhack Info: loading listings hack on input line 181.

(/app/texmf-dist/tex/latex/koma-script/listings.hak
File: listings.hak 2019/02/01 v3.26b KOMA-Script package (hacking package listi
ngs)
Package tocbasic Info: setting babel extension for `lol' on input line 137.
Package scrhack Info: redefining \lstlistoflistings on input line 137.
)
Package scrhack Info: loading setspace hack on input line 195.

(/app/texmf-dist/tex/latex/koma-script/setspace.hak
File: setspace.hak 2019/02/01 v3.26b KOMA-Script package (hacking package setsp
ace)


Package scrhack Warning: unknown \onehalfspacing definition found!
(scrhack)                Maybe you are using a unsupported setpace version on i
nput line 96.


Package scrhack Warning: unknown \doublespacing definition found!
(scrhack)                Maybe you are using a unsupported setpace version on i
nput line 118.

)) (/app/texmf-dist/tex/latex/hyperref/backref.sty
Package: backref 2016/05/21 v1.39 Bibliographical back referencing
)
(/app/texmf-dist/tex/latex/abntex2/abntex2cite.sty
Package: abntex2cite 2018/11/24 v-1.9.7 abnTeX2

(/app/texmf-dist/tex/latex/abntex2/abntex2abrev.sty)
\minimumbiblabelwidth=\skip279
\ABCIauxlen=\skip280
\c@ABCIaux=\count400
\c@ABCImax=\count401

(/app/texmf-dist/tex/latex/relsize/relsize.sty
Package: relsize 2013/03/29 ver 4.1
)
\biblabelsep=\skip281
LaTeX Info: Redefining \newblock on input line 591.
LaTeX Info: Redefining \cite on input line 618.
\ABCItoken=\toks48
)
\@input{extras/conf_citacoes.aux}
\openout2 = `extras/conf_citacoes.aux'.

(./extras/conf_citacoes.tex)
\@input{extras/dados.aux}
\openout2 = `extras/dados.aux'.

(./extras/dados.tex)
\@input{extras/conf_pdf.aux}
\openout2 = `extras/conf_pdf.aux'.

(./extras/conf_pdf.tex
Package hyperref Info: Option `colorlinks' set `true' on input line 22.
)
\main@idxfile=\write5
\openout5 = `main.idx'.


Writing index file main.idx 
(/app/texmf-dist/tex/latex/listings/lstlang1.sty
File: lstlang1.sty 2019/02/27 1.8b listings language file
)
(/app/texmf-dist/tex/latex/listings/lstlang1.sty
File: lstlang1.sty 2019/02/27 1.8b listings language file
)
(/app/texmf-dist/tex/latex/listings/lstmisc.sty
File: lstmisc.sty 2019/02/27 1.8b (Carsten Heinz)
) (./main.aux
(./pretextual/capa.aux) (./pretextual/assinaturas.aux)
(./capitulos/introducao.aux) (./capitulos/objJust.aux) (./capitulos/fundTeo.aux
) (./capitulos/metodologia.aux) (./capitulos/apresAnaRes.aux)
(./capitulos/resultados.aux))
\openout1 = `main.aux'.

LaTeX Font Info:    Checking defaults for OML/cmm/m/it on input line 168.
LaTeX Font Info:    ... okay on input line 168.
LaTeX Font Info:    Checking defaults for T1/cmr/m/n on input line 168.
LaTeX Font Info:    ... okay on input line 168.
LaTeX Font Info:    Checking defaults for OT1/cmr/m/n on input line 168.
LaTeX Font Info:    ... okay on input line 168.
LaTeX Font Info:    Checking defaults for OMS/cmsy/m/n on input line 168.
LaTeX Font Info:    ... okay on input line 168.
LaTeX Font Info:    Checking defaults for OMX/cmex/m/n on input line 168.
LaTeX Font Info:    ... okay on input line 168.
LaTeX Font Info:    Checking defaults for U/cmr/m/n on input line 168.
LaTeX Font Info:    ... okay on input line 168.
LaTeX Font Info:    Checking defaults for PD1/pdf/m/n on input line 168.
LaTeX Font Info:    ... okay on input line 168.
LaTeX Font Info:    Try loading font information for T1+lmr on input line 168.
 (/app/texmf-dist/tex/latex/lm/t1lmr.fd
File: t1lmr.fd 2009/10/30 v1.6 Font defs for Latin Modern
)
\AtBeginShipoutBox=\box100
Package hyperref Info: Link coloring ON on input line 168.

(/app/texmf-dist/tex/latex/hyperref/nameref.sty
Package: nameref 2016/05/21 v2.44 Cross-referencing by name of section

(/app/texmf-dist/tex/generic/oberdiek/gettitlestring.sty
Package: gettitlestring 2016/05/16 v1.5 Cleanup title references (HO)
)
\c@section@level=\count402
)
LaTeX Info: Redefining \ref on input line 168.
LaTeX Info: Redefining \pageref on input line 168.
LaTeX Info: Redefining \nameref on input line 168.
\myptabbox=\box101
\myptabboxwidth=\skip282
Package lastpage Info: Please have a look at the pageslts package at
(lastpage)             https://www.ctan.org/pkg/pageslts
(lastpage)             ! on input line 168.

(/app/texmf-dist/tex/context/base/mkii/supp-pdf.mkii
[Loading MPS to PDF converter (version 2006.09.02).]
\scratchcounter=\count403
\scratchdimen=\dimen334
\scratchbox=\box102
\nofMPsegments=\count404
\nofMParguments=\count405
\everyMPshowfont=\toks49
\MPscratchCnt=\count406
\MPscratchDim=\dimen335
\MPnumerator=\count407
\makeMPintoPDFobject=\count408
\everyMPtoPDFconversion=\toks50
) (/app/texmf-dist/tex/latex/oberdiek/epstopdf-base.sty
Package: epstopdf-base 2016/05/15 v2.6 Base part for package epstopdf

(/app/texmf-dist/tex/latex/oberdiek/grfext.sty
Package: grfext 2016/05/16 v1.2 Manage graphics extensions (HO)
)
Package epstopdf-base Info: Redefining graphics rule for `.eps' on input line 4
38.
Package grfext Info: Graphics extension search list:
(grfext)             [.pdf,.png,.jpg,.mps,.jpeg,.jbig2,.jb2,.PDF,.PNG,.JPG,.JPE
G,.JBIG2,.JB2,.eps]
(grfext)             \AppendGraphicsExtensions on input line 456.

(/app/texmf-dist/tex/latex/latexconfig/epstopdf-sys.cfg
File: epstopdf-sys.cfg 2010/07/13 v1.3 Configuration of (r)epstopdf for TeX Liv
e
))
Package caption Info: Begin \AtBeginDocument code.
Package caption Info: subfig package v1.3 is loaded.
Package caption Info: float package is loaded.
Package caption Info: listings package is loaded.
Package caption Info: End \AtBeginDocument code.
LaTeX Info: Redefining \microtypecontext on input line 168.
Package microtype Info: Generating PDF output.
Package microtype Info: Character protrusion enabled (level 2).
Package microtype Info: Using default protrusion set `alltext'.
Package microtype Info: Automatic font expansion enabled (level 2),
(microtype)             stretch: 20, shrink: 20, step: 1, non-selected.
Package microtype Info: Using default expansion set `basictext'.
Package microtype Info: No adjustment of tracking.
Package microtype Info: No adjustment of interword spacing.
Package microtype Info: No adjustment of character kerning.

(/app/texmf-dist/tex/latex/microtype/mt-cmr.cfg
File: mt-cmr.cfg 2013/05/19 v2.2 microtype config. file: Computer Modern Roman 
(RS)
)
ABD: EveryShipout initializing macros
Now handling font encoding TS1 ...
... processing UTF-8 mapping file for font encoding TS1

(/app/texmf-dist/tex/latex/base/ts1enc.dfu
File: ts1enc.dfu 2018/10/05 v1.2f UTF-8 support for inputenc
   defining Unicode char U+00A2 (decimal 162)
   defining Unicode char U+00A3 (decimal 163)
   defining Unicode char U+00A4 (decimal 164)
   defining Unicode char U+00A5 (decimal 165)
   defining Unicode char U+00A6 (decimal 166)
   defining Unicode char U+00A7 (decimal 167)
   defining Unicode char U+00A8 (decimal 168)
   defining Unicode char U+00A9 (decimal 169)
   defining Unicode char U+00AA (decimal 170)
   defining Unicode char U+00AC (decimal 172)
   defining Unicode char U+00AE (decimal 174)
   defining Unicode char U+00AF (decimal 175)
   defining Unicode char U+00B0 (decimal 176)
   defining Unicode char U+00B1 (decimal 177)
   defining Unicode char U+00B2 (decimal 178)
   defining Unicode char U+00B3 (decimal 179)
   defining Unicode char U+00B4 (decimal 180)
   defining Unicode char U+00B5 (decimal 181)
   defining Unicode char U+00B6 (decimal 182)
   defining Unicode char U+00B7 (decimal 183)
   defining Unicode char U+00B9 (decimal 185)
   defining Unicode char U+00BA (decimal 186)
   defining Unicode char U+00BC (decimal 188)
   defining Unicode char U+00BD (decimal 189)
   defining Unicode char U+00BE (decimal 190)
   defining Unicode char U+00D7 (decimal 215)
   defining Unicode char U+00F7 (decimal 247)
   defining Unicode char U+0192 (decimal 402)
   defining Unicode char U+02C7 (decimal 711)
   defining Unicode char U+02D8 (decimal 728)
   defining Unicode char U+02DD (decimal 733)
   defining Unicode char U+0E3F (decimal 3647)
   defining Unicode char U+2016 (decimal 8214)
   defining Unicode char U+2020 (decimal 8224)
   defining Unicode char U+2021 (decimal 8225)
   defining Unicode char U+2022 (decimal 8226)
   defining Unicode char U+2030 (decimal 8240)
   defining Unicode char U+2031 (decimal 8241)
   defining Unicode char U+203B (decimal 8251)
   defining Unicode char U+203D (decimal 8253)
   defining Unicode char U+2044 (decimal 8260)
   defining Unicode char U+204E (decimal 8270)
   defining Unicode char U+2052 (decimal 8274)
   defining Unicode char U+20A1 (decimal 8353)
   defining Unicode char U+20A4 (decimal 8356)
   defining Unicode char U+20A6 (decimal 8358)
   defining Unicode char U+20A9 (decimal 8361)
   defining Unicode char U+20AB (decimal 8363)
   defining Unicode char U+20AC (decimal 8364)
   defining Unicode char U+20B1 (decimal 8369)
   defining Unicode char U+2103 (decimal 8451)
   defining Unicode char U+2116 (decimal 8470)
   defining Unicode char U+2117 (decimal 8471)
   defining Unicode char U+211E (decimal 8478)
   defining Unicode char U+2120 (decimal 8480)
   defining Unicode char U+2122 (decimal 8482)
   defining Unicode char U+2126 (decimal 8486)
   defining Unicode char U+2127 (decimal 8487)
   defining Unicode char U+212E (decimal 8494)
   defining Unicode char U+2190 (decimal 8592)
   defining Unicode char U+2191 (decimal 8593)
   defining Unicode char U+2192 (decimal 8594)
   defining Unicode char U+2193 (decimal 8595)
   defining Unicode char U+2329 (decimal 9001)
   defining Unicode char U+232A (decimal 9002)
   defining Unicode char U+2422 (decimal 9250)
   defining Unicode char U+25E6 (decimal 9702)
   defining Unicode char U+25EF (decimal 9711)
   defining Unicode char U+266A (decimal 9834)
   defining Unicode char U+FEFF (decimal 65279)
)
(/app/texmf-dist/tex/latex/translator/translator-basic-dictionary-English.dict
Dictionary: translator-basic-dictionary, Language: English 
)
(/app/texmf-dist/tex/latex/translator/translator-basic-dictionary-Portuguese.di
ct
Dictionary: translator-basic-dictionary, Language: portuguese 
) (/app/texmf-dist/tex/latex/siunitx/siunitx-abbreviations.cfg
File: siunitx-abbreviations.cfg 2017/11/26 v2.7k siunitx: Abbreviated units
)
LaTeX Info: Redefining \celsius on input line 168.
Package gensymb Info: Faking symbols for \degree and \celsius on input line 168
.


Package gensymb Warning: Not defining \perthousand.

LaTeX Info: Redefining \ohm on input line 168.
Package gensymb Info: Using \Omega for \ohm on input line 168.

Package gensymb Warning: Not defining \micro.

\c@lstlisting=\count409
Package scrhack Info: undefining \float@addtolists on input line 168.
LaTeX Font Info:    Try loading font information for OT1+lmr on input line 168.

(/app/texmf-dist/tex/latex/lm/ot1lmr.fd
File: ot1lmr.fd 2009/10/30 v1.6 Font defs for Latin Modern
)
LaTeX Font Info:    Try loading font information for OML+lmm on input line 168.


(/app/texmf-dist/tex/latex/lm/omllmm.fd
File: omllmm.fd 2009/10/30 v1.6 Font defs for Latin Modern
)
LaTeX Font Info:    Try loading font information for OMS+lmsy on input line 168
.

(/app/texmf-dist/tex/latex/lm/omslmsy.fd
File: omslmsy.fd 2009/10/30 v1.6 Font defs for Latin Modern
)
LaTeX Font Info:    Try loading font information for OMX+lmex on input line 168
.

(/app/texmf-dist/tex/latex/lm/omxlmex.fd
File: omxlmex.fd 2009/10/30 v1.6 Font defs for Latin Modern
)
LaTeX Font Info:    External font `lmex10' loaded for size
(Font)              <12> on input line 168.
LaTeX Font Info:    External font `lmex10' loaded for size
(Font)              <8> on input line 168.
LaTeX Font Info:    External font `lmex10' loaded for size
(Font)              <6> on input line 168.
LaTeX Font Info:    Try loading font information for U+msa on input line 168.

(/app/texmf-dist/tex/latex/amsfonts/umsa.fd
File: umsa.fd 2013/01/14 v3.01 AMS symbols A
)
(/app/texmf-dist/tex/latex/microtype/mt-msa.cfg
File: mt-msa.cfg 2006/02/04 v1.1 microtype config. file: AMS symbols (a) (RS)
)
LaTeX Font Info:    Try loading font information for U+msb on input line 168.

(/app/texmf-dist/tex/latex/amsfonts/umsb.fd
File: umsb.fd 2013/01/14 v3.01 AMS symbols B
)
(/app/texmf-dist/tex/latex/microtype/mt-msb.cfg
File: mt-msb.cfg 2005/06/01 v1.0 microtype config. file: AMS symbols (b) (RS)
)
LaTeX Font Info:    Try loading font information for U+rsfs on input line 168.

(/app/texmf-dist/tex/latex/jknapltx/ursfs.fd
File: ursfs.fd 1998/03/24 rsfs font definition file (jk)
)
LaTeX Font Info:    Try loading font information for OMX+yhex on input line 168
.

(/app/texmf-dist/tex/latex/yhmath/OMXyhex.fd
File: OMXyhex.fd 
File: OMXyhex.fd 2013/07/03 v1.1 YH's humble contribution to TeX maths (NP)
)
LaTeX Font Info:    Try loading font information for OT1+lmss on input line 168
.

(/app/texmf-dist/tex/latex/lm/ot1lmss.fd
File: ot1lmss.fd 2009/10/30 v1.6 Font defs for Latin Modern
)
Package microtype Info: Loading generic protrusion settings for font family
(microtype)             `lmss' (encoding: OT1).
(microtype)             For optimal results, create family-specific settings.
(microtype)             See the microtype manual for details.
LaTeX Font Info:    Try loading font information for OT1+lmtt on input line 168
.

(/app/texmf-dist/tex/latex/lm/ot1lmtt.fd
File: ot1lmtt.fd 2009/10/30 v1.6 Font defs for Latin Modern
)
Package microtype Info: Loading generic protrusion settings for font family
(microtype)             `lmtt' (encoding: OT1).
(microtype)             For optimal results, create family-specific settings.
(microtype)             See the microtype manual for details.
\openout2 = `pretextual/capa.aux'.

 (./pretextual/capa.tex
<figs/figuras_png_jpg/logoftec1.png, id=35, 248.42813pt x 93.34875pt>
File: figs/figuras_png_jpg/logoftec1.png Graphic file (type png)
<use figs/figuras_png_jpg/logoftec1.png>
Package pdftex.def Info: figs/figuras_png_jpg/logoftec1.png  used on input line
 7.
(pdftex.def)             Requested size: 173.8985pt x 65.34366pt.
LaTeX Font Info:    Try loading font information for T1+lmss on input line 10.

(/app/texmf-dist/tex/latex/lm/t1lmss.fd
File: t1lmss.fd 2009/10/30 v1.6 Font defs for Latin Modern
)
Package microtype Info: Loading generic protrusion settings for font family
(microtype)             `lmss' (encoding: T1).
(microtype)             For optimal results, create family-specific settings.
(microtype)             See the microtype manual for details.
 [1








{/app/texmf-var/fonts/map/pdftex/updmap/pdftex.map} <./figs/figuras_png_jpg/log
oftec1.png>])pdfTeX warning (ext4): destination with the same identifier (name{
page.1}) has been already used, duplicate ignored
<to be read again> 
                   \relax 
l.183 
       [1




]
\openout2 = `pretextual/assinaturas.aux'.

 (./pretextual/assinaturas.tex [2



]) (./main.lof [3


]) [4] (./main.lot) [5

] [6


] (./main.toc [7

]) [8]
\openout2 = `capitulos/introducao.aux'.

 (./capitulos/introducao.texpdfTeX warning (ext4): destination with the same id
entifier (name{page.1}) has been already used, duplicate ignored
<to be read again> 
                   \relax 
l.17 
      [1



])pdfTeX warning (ext4): destination with the same identifier (name{page.2}) ha
s been already used, duplicate ignored
<to be read again> 
                   \relax 
l.241 \include{capitulos/introducao}
                                     [2]
\openout2 = `capitulos/objJust.aux'.

 (./capitulos/objJust.texpdfTeX warning (ext4): destination with the same ident
ifier (name{page.3}) has been already used, duplicate ignored
<to be read again> 
                   \relax 
l.16 
      [3



]
LaTeX Font Info:    Try loading font information for OMS+lmr on input line 46.
 (/app/texmf-dist/tex/latex/lm/omslmr.fd
File: omslmr.fd 2009/10/30 v1.6 Font defs for Latin Modern
)
LaTeX Font Info:    Font shape `OMS/lmr/m/n' in size <12> not available
(Font)              Font shape `OMS/lmsy/m/n' tried instead on input line 46.
pdfTeX warning (ext4): destination with the same identifier (name{page.4}) has 
been already used, duplicate ignored
<to be read again> 
                   \relax 
l.70     \item P
                erfeito funcionamento do algoritmo que ser desenvolvido pa...
[4])pdfTeX warning (ext4): destination with the same identifier (name{page.5}) 
has been already used, duplicate ignored
<to be read again> 
                   \relax 
l.245 \include{capitulos/objJust}
                                  [5]
\openout2 = `capitulos/fundTeo.aux'.

 (./capitulos/fundTeo.tex
LaTeX Font Info:    External font `lmex10' loaded for size
(Font)              <10> on input line 9.
LaTeX Font Info:    External font `lmex10' loaded for size
(Font)              <7> on input line 9.
LaTeX Font Info:    External font `lmex10' loaded for size
(Font)              <5> on input line 9.
pdfTeX warning (ext4): destination with the same identifier (name{page.6}) has 
been already used, duplicate ignored
<to be read again> 
                   \relax 
l.20     \item
               Reconhecimento de palavras; [6



]
(./figs/svg/neuralNetworksvg.pdf_tex
<figs/svg/neuralNetworksvg.pdf, id=318, page=1, 903.375pt x 785.18344pt>
File: figs/svg/neuralNetworksvg.pdf Graphic file (type pdf)
<use figs/svg/neuralNetworksvg.pdf, page 1>
Package pdftex.def Info: figs/svg/neuralNetworksvg.pdf , page1 used on input li
ne 56.
(pdftex.def)             Requested size: 398.33858pt x 346.2246pt.
)pdfTeX warning (ext4): destination with the same identifier (name{page.7}) has
 been already used, duplicate ignored
<to be read again> 
                   \relax 
l.49 
      [7] (./figs/svg/ia-ma-dl.pdf_tex
<figs/svg/ia-ma-dl.pdf, id=327, page=1, 963.6pt x 722.7pt>
File: figs/svg/ia-ma-dl.pdf Graphic file (type pdf)
<use figs/svg/ia-ma-dl.pdf, page 1>
Package pdftex.def Info: figs/svg/ia-ma-dl.pdf , page1 used on input line 56.
(pdftex.def)             Requested size: 426.79134pt x 320.0842pt.
)pdfTeX warning (ext4): destination with the same identifier (name{page.8}) has
 been already used, duplicate ignored
<to be read again> 
                   \relax 
l.68 
      [8 <./figs/svg/neuralNetworksvg.pdf>] (./figs/svg/redeneural.pdf_tex
<figs/svg/redeneural.pdf, id=337, page=1, 993.7125pt x 481.8pt>
File: figs/svg/redeneural.pdf Graphic file (type pdf)
<use figs/svg/redeneural.pdf, page 1>
Package pdftex.def Info: figs/svg/redeneural.pdf , page1 used on input line 56.

(pdftex.def)             Requested size: 426.79134pt x 206.92735pt.
)
[9 <./figs/svg/ia-ma-dl.pdf>] [10 <./figs/svg/redeneural.pdf>]
(./figs/svg/convolution.pdf_tex
<figs/svg/convolution.pdf, id=386, page=1, 841.36588pt x 349.71906pt>
File: figs/svg/convolution.pdf Graphic file (type pdf)
<use figs/svg/convolution.pdf, page 1>
Package pdftex.def Info: figs/svg/convolution.pdf , page1 used on input line 56
.
(pdftex.def)             Requested size: 455.24408pt x 189.22433pt.
) (./figs/svg/pixel.pdf_tex
<figs/svg/pixel.pdf, id=392, page=1, 394.03278pt x 402.6299pt>
File: figs/svg/pixel.pdf Graphic file (type pdf)
<use figs/svg/pixel.pdf, page 1>
Package pdftex.def Info: figs/svg/pixel.pdf , page1 used on input line 56.
(pdftex.def)             Requested size: 284.52756pt x 290.73497pt.
) [11 <./figs/svg/convolution.pdf>] [12 <./figs/svg/pixel.pdf>] [13] (./figs/sv
g/atrizes.pdf_tex
<figs/svg/atrizes.pdf, id=445, page=1, 882.82324pt x 814.54312pt>
File: figs/svg/atrizes.pdf Graphic file (type pdf)
<use figs/svg/atrizes.pdf, page 1>
Package pdftex.def Info: figs/svg/atrizes.pdf , page1 used on input line 56.
(pdftex.def)             Requested size: 426.79134pt x 393.78519pt.
)
[14] (./figs/svg/metrica.pdf_tex
<figs/svg/metrica.pdf, id=463, page=1, 890.99875pt x 935.18134pt>
File: figs/svg/metrica.pdf Graphic file (type pdf)
<use figs/svg/metrica.pdf, page 1>
Package pdftex.def Info: figs/svg/metrica.pdf , page1 used on input line 56.
(pdftex.def)             Requested size: 369.88582pt x 388.23572pt.
) [15 <./figs/svg/atrizes.pdf>]
(./figs/svg/modelo.pdf_tex
<figs/svg/modelo.pdf, id=497, page=1, 600.5411pt x 1040.40942pt>
File: figs/svg/modelo.pdf Graphic file (type pdf)
<use figs/svg/modelo.pdf, page 1>
Package pdftex.def Info: figs/svg/modelo.pdf , page1 used on input line 56.
(pdftex.def)             Requested size: 369.88582pt x 640.80847pt.
) [16 <./figs/svg/metrica.pdf>] [17 <./figs/svg/modelo.pdf>] (./figs/svg/rosto.
pdf_tex
<figs/svg/rosto.pdf, id=544, page=1, 432.51036pt x 211.83076pt>
File: figs/svg/rosto.pdf Graphic file (type pdf)
<use figs/svg/rosto.pdf, page 1>
Package pdftex.def Info: figs/svg/rosto.pdf , page1 used on input line 56.
(pdftex.def)             Requested size: 426.79134pt x 209.03108pt.
LaTeX Font Info:    External font `lmex10' loaded for size
(Font)              <9> on input line 57.
) [18] [19 <./figs/svg/rosto.pdf>] [20]
(./figs/svg/sitl.pdf_tex
<figs/svg/sitl.pdf, id=572, page=1, 1437.87187pt x 791.95876pt>
File: figs/svg/sitl.pdf Graphic file (type pdf)
<use figs/svg/sitl.pdf, page 1>
Package pdftex.def Info: figs/svg/sitl.pdf , page1 used on input line 56.
(pdftex.def)             Requested size: 426.79134pt x 235.06384pt.
) [21] (./figs/svg/ardupilotsitl.pdf_tex
<figs/svg/ardupilotsitl.pdf, id=578, page=1, 551.0892pt x 446.13036pt>
File: figs/svg/ardupilotsitl.pdf Graphic file (type pdf)
<use figs/svg/ardupilotsitl.pdf, page 1>
Package pdftex.def Info: figs/svg/ardupilotsitl.pdf , page1 used on input line 
56.
(pdftex.def)             Requested size: 426.79134pt x 345.516pt.
) [22 <./figs/svg/sitl.pdf>] [23 <./figs/svg/ardupilotsitl.pdf>]
(./figs/svg/dronesvgink.pdf_tex
<figs/svg/dronesvgink.pdf, id=600, page=1, 1720.92938pt x 753.5653pt>
File: figs/svg/dronesvgink.pdf Graphic file (type pdf)
<use figs/svg/dronesvgink.pdf, page 1>
Package pdftex.def Info: figs/svg/dronesvgink.pdf , page1 used on input line 56
.
(pdftex.def)             Requested size: 426.79134pt x 186.88455pt.
) [24] (./figs/svg/frame.pdf_tex
<figs/svg/frame.pdf, id=607, page=1, 940.51369pt x 588.1975pt>
File: figs/svg/frame.pdf Graphic file (type pdf)
<use figs/svg/frame.pdf, page 1>
Package pdftex.def Info: figs/svg/frame.pdf , page1 used on input line 56.
(pdftex.def)             Requested size: 369.88582pt x 231.32576pt.
) [25 <./figs/svg/dronesvgink.pdf>] (./figs/svg/pixhaw.pdf_tex
<figs/svg/pixhaw.pdf, id=618, page=1, 936.49875pt x 758.835pt>
File: figs/svg/pixhaw.pdf Graphic file (type pdf)
<use figs/svg/pixhaw.pdf, page 1>
Package pdftex.def Info: figs/svg/pixhaw.pdf , page1 used on input line 56.
(pdftex.def)             Requested size: 369.88582pt x 299.71918pt.
) [26 <./figs/svg/frame.pdf>]
(./figs/svg/Diagrama-eletronico-pixhawk.pdf_tex
<figs/svg/Diagrama-eletronico-pixhawk.pdf, id=632, page=1, 607.51968pt x 519.44
063pt>
File: figs/svg/Diagrama-eletronico-pixhawk.pdf Graphic file (type pdf)
<use figs/svg/Diagrama-eletronico-pixhawk.pdf, page 1>
Package pdftex.def Info: figs/svg/Diagrama-eletronico-pixhawk.pdf , page1 used 
on input line 56.
(pdftex.def)             Requested size: 369.88582pt x 316.26387pt.
) [27 <./figs/svg/pixhaw.pdf>]
[28 <./figs/svg/Diagrama-eletronico-pixhawk.pdf>]
(./figs/svg/brushless_motor.pdf_tex
<figs/svg/brushless_motor.pdf, id=657, page=1, 568.1225pt x 337.26pt>
File: figs/svg/brushless_motor.pdf Graphic file (type pdf)
<use figs/svg/brushless_motor.pdf, page 1>
Package pdftex.def Info: figs/svg/brushless_motor.pdf , page1 used on input lin
e 56.
(pdftex.def)             Requested size: 369.88582pt x 219.58691pt.
) (./figs/svg/motorexp.pdf_tex
<figs/svg/motorexp.pdf, id=662, page=1, 795.9737pt x 516.93124pt>
File: figs/svg/motorexp.pdf Graphic file (type pdf)
<use figs/svg/motorexp.pdf, page 1>
Package pdftex.def Info: figs/svg/motorexp.pdf , page1 used on input line 56.
(pdftex.def)             Requested size: 369.88582pt x 240.21278pt.
) [29 <./figs/svg/brushless_motor.pdf>] (./figs/svg/esc.pdf_tex
<figs/svg/esc.pdf, id=673, page=1, 759.83875pt x 359.3425pt>
File: figs/svg/esc.pdf Graphic file (type pdf)
<use figs/svg/esc.pdf, page 1>
Package pdftex.def Info: figs/svg/esc.pdf , page1 used on input line 56.
(pdftex.def)             Requested size: 369.88582pt x 174.9279pt.
)
(./figs/svg/drivemotorsvg3.pdf_tex
<figs/svg/drivemotorsvg3.pdf, id=678, page=1, 929.64821pt x 481.8pt>
File: figs/svg/drivemotorsvg3.pdf Graphic file (type pdf)
<use figs/svg/drivemotorsvg3.pdf, page 1>
Package pdftex.def Info: figs/svg/drivemotorsvg3.pdf , page1 used on input line
 56.
(pdftex.def)             Requested size: 426.79134pt x 221.18958pt.
) [30 <./figs/svg/motorexp.pdf> <./figs/svg/esc.pdf

pdfTeX warning: /app/bin/x86_64-linux/pdflatex (file ./figs/svg/esc.pdf): PDF i
nclusion: multiple pdfs with page group included in a single page
>] (./figs/svg/gps.pdf_tex
<figs/svg/gps.pdf, id=697, page=1, 207.77625pt x 89.43413pt>
File: figs/svg/gps.pdf Graphic file (type pdf)
<use figs/svg/gps.pdf, page 1>
Package pdftex.def Info: figs/svg/gps.pdf , page1 used on input line 56.
(pdftex.def)             Requested size: 426.79134pt x 183.72733pt.
) (./figs/svg/helices.pdf_tex
<figs/svg/helices.pdf, id=703, page=1, 226.9278pt x 210.3057pt>
File: figs/svg/helices.pdf Graphic file (type pdf)
<use figs/svg/helices.pdf, page 1>
Package pdftex.def Info: figs/svg/helices.pdf , page1 used on input line 56.
(pdftex.def)             Requested size: 369.88582pt x 342.82092pt.
) [31 <./figs/svg/drivemotorsvg3.pdf> <./figs/svg/gps.pdf

pdfTeX warning: /app/bin/x86_64-linux/pdflatex (file ./figs/svg/gps.pdf): PDF i
nclusion: multiple pdfs with page group included in a single page
>] (./figs/svg/bateria.pdf_tex
<figs/svg/bateria.pdf, id=719, page=1, 1641.88406pt x 761.09344pt>
File: figs/svg/bateria.pdf Graphic file (type pdf)
<use figs/svg/bateria.pdf, page 1>
Package pdftex.def Info: figs/svg/bateria.pdf , page1 used on input line 56.
(pdftex.def)             Requested size: 426.79134pt x 197.83318pt.
) [32 <./figs/svg/helices.pdf>]
(./figs/svg/esquema-de-ligacao-de-um-drone.pdf_tex
<figs/svg/esquema-de-ligacao-de-um-drone.pdf, id=734, page=1, 554.82875pt x 788
.16982pt>
File: figs/svg/esquema-de-ligacao-de-um-drone.pdf Graphic file (type pdf)
<use figs/svg/esquema-de-ligacao-de-um-drone.pdf, page 1>
Package pdftex.def Info: figs/svg/esquema-de-ligacao-de-um-drone.pdf , page1 us
ed on input line 56.
(pdftex.def)             Requested size: 426.79134pt x 606.2913pt.
) [33 <./figs/svg/bateria.pdf>] [34 <./figs/svg/esquema-de-ligacao-de-um-drone.
pdf>]
(./figs/svg/helice.pdf_tex
<figs/svg/helice.pdf, id=805, page=1, 528.58661pt x 412.27989pt>
File: figs/svg/helice.pdf Graphic file (type pdf)
<use figs/svg/helice.pdf, page 1>
Package pdftex.def Info: figs/svg/helice.pdf , page1 used on input line 56.
(pdftex.def)             Requested size: 369.88582pt x 288.50587pt.
<figs/svg/helice.pdf, id=806, page=2, 528.58661pt x 412.27989pt>
File: figs/svg/helice.pdf Graphic file (type pdf)
<use figs/svg/helice.pdf, page 2>
Package pdftex.def Info: figs/svg/helice.pdf , page2 used on input line 66.
(pdftex.def)             Requested size: 369.88582pt x 288.50587pt.
) [35 <./figs/svg/helice.pdf> <./figs/svg/helice.pdf

pdfTeX warning: /app/bin/x86_64-linux/pdflatex (file ./figs/svg/helice.pdf): PD
F inclusion: multiple pdfs with page group included in a single page
>]

LaTeX Warning: Citation `inproceedings' on page 36 undefined on input line 735.


(./figs/svg/esfcortante.pdf_tex
<figs/svg/esfcortante.pdf, id=822, page=1, 450.10005pt x 425.23038pt>
File: figs/svg/esfcortante.pdf Graphic file (type pdf)
<use figs/svg/esfcortante.pdf, page 1>
Package pdftex.def Info: figs/svg/esfcortante.pdf , page1 used on input line 56
.
(pdftex.def)             Requested size: 369.88582pt x 349.4503pt.
) [36] (./figs/svg/momfletor.pdf_tex
<figs/svg/momfletor.pdf, id=832, page=1, 522.06107pt x 515.9338pt>
File: figs/svg/momfletor.pdf Graphic file (type pdf)
<use figs/svg/momfletor.pdf, page 1>
Package pdftex.def Info: figs/svg/momfletor.pdf , page1 used on input line 56.
(pdftex.def)             Requested size: 369.88582pt x 365.5598pt.
) [37 <./figs/svg/esfcortante.pdf>] (./figs/svg/rolldrone.pdf_tex
<figs/svg/rolldrone.pdf, id=848, page=1, 491.15146pt x 521.3963pt>
File: figs/svg/rolldrone.pdf Graphic file (type pdf)
<use figs/svg/rolldrone.pdf, page 1>
Package pdftex.def Info: figs/svg/rolldrone.pdf , page1 used on input line 56.
(pdftex.def)             Requested size: 369.88582pt x 392.6772pt.
LaTeX Font Info:    Calculating math sizes for size <11> on input line 57.
LaTeX Font Info:    External font `lmex10' loaded for size
(Font)              <11> on input line 57.
LaTeX Font Info:    External font `lmex10' loaded for size
(Font)              <7.69997> on input line 57.
LaTeX Font Info:    External font `lmex10' loaded for size
(Font)              <5.5> on input line 57.


LaTeX Font Warning: Font shape `U/rsfs/m/n' in size <5.5> not available
(Font)              size <5> substituted on input line 57.

) [38 <./figs/svg/momfletor.pdf>] [39 <./figs/svg/rolldrone.pdf>]
(./figs/svg/F450.pdf_tex
<figs/svg/F450.pdf, id=881, page=1, 540.60239pt x 403.77306pt>
File: figs/svg/F450.pdf Graphic file (type pdf)
<use figs/svg/F450.pdf, page 1>
Package pdftex.def Info: figs/svg/F450.pdf , page1 used on input line 56.
(pdftex.def)             Requested size: 426.79134pt x 318.76773pt.
) [40 <./figs/svg/F450.pdf>]
(./figs/svg/dirdrone.pdf_tex
<figs/svg/dirdrone.pdf, id=901, page=1, 496.6232pt x 418.28395pt>
File: figs/svg/dirdrone.pdf Graphic file (type pdf)
<use figs/svg/dirdrone.pdf, page 1>
Package pdftex.def Info: figs/svg/dirdrone.pdf , page1 used on input line 56.
(pdftex.def)             Requested size: 426.79134pt x 359.48741pt.
<figs/svg/dirdrone.pdf, id=902, page=2, 496.6232pt x 418.28395pt>
File: figs/svg/dirdrone.pdf Graphic file (type pdf)
<use figs/svg/dirdrone.pdf, page 2>
Package pdftex.def Info: figs/svg/dirdrone.pdf , page2 used on input line 58.
(pdftex.def)             Requested size: 426.79134pt x 359.48741pt.
<figs/svg/dirdrone.pdf, id=903, page=3, 496.6232pt x 418.28395pt>
File: figs/svg/dirdrone.pdf Graphic file (type pdf)
<use figs/svg/dirdrone.pdf, page 3>
Package pdftex.def Info: figs/svg/dirdrone.pdf , page3 used on input line 60.
(pdftex.def)             Requested size: 426.79134pt x 359.48741pt.
<figs/svg/dirdrone.pdf, id=904, page=4, 496.6232pt x 418.28395pt>
File: figs/svg/dirdrone.pdf Graphic file (type pdf)
<use figs/svg/dirdrone.pdf, page 4>
Package pdftex.def Info: figs/svg/dirdrone.pdf , page4 used on input line 62.
(pdftex.def)             Requested size: 426.79134pt x 359.48741pt.
<figs/svg/dirdrone.pdf, id=905, page=5, 496.6232pt x 418.28395pt>
File: figs/svg/dirdrone.pdf Graphic file (type pdf)
<use figs/svg/dirdrone.pdf, page 5>
Package pdftex.def Info: figs/svg/dirdrone.pdf , page5 used on input line 64.
(pdftex.def)             Requested size: 426.79134pt x 359.48741pt.
<figs/svg/dirdrone.pdf, id=906, page=6, 496.6232pt x 418.28395pt>
File: figs/svg/dirdrone.pdf Graphic file (type pdf)
<use figs/svg/dirdrone.pdf, page 6>
Package pdftex.def Info: figs/svg/dirdrone.pdf , page6 used on input line 66.
(pdftex.def)             Requested size: 426.79134pt x 359.48741pt.
<figs/svg/dirdrone.pdf, id=907, page=7, 496.6232pt x 418.28395pt>
File: figs/svg/dirdrone.pdf Graphic file (type pdf)
<use figs/svg/dirdrone.pdf, page 7>
Package pdftex.def Info: figs/svg/dirdrone.pdf , page7 used on input line 68.
(pdftex.def)             Requested size: 426.79134pt x 359.48741pt.
<figs/svg/dirdrone.pdf, id=908, page=8, 496.6232pt x 418.28395pt>
File: figs/svg/dirdrone.pdf Graphic file (type pdf)
<use figs/svg/dirdrone.pdf, page 8>
Package pdftex.def Info: figs/svg/dirdrone.pdf , page8 used on input line 70.
(pdftex.def)             Requested size: 426.79134pt x 359.48741pt.
<figs/svg/dirdrone.pdf, id=909, page=9, 496.6232pt x 418.28395pt>
File: figs/svg/dirdrone.pdf Graphic file (type pdf)
<use figs/svg/dirdrone.pdf, page 9>
Package pdftex.def Info: figs/svg/dirdrone.pdf , page9 used on input line 72.
(pdftex.def)             Requested size: 426.79134pt x 359.48741pt.
<figs/svg/dirdrone.pdf, id=910, page=10, 496.6232pt x 418.28395pt>
File: figs/svg/dirdrone.pdf Graphic file (type pdf)
<use figs/svg/dirdrone.pdf, page 10>
Package pdftex.def Info: figs/svg/dirdrone.pdf , page10 used on input line 74.
(pdftex.def)             Requested size: 426.79134pt x 359.48741pt.
<figs/svg/dirdrone.pdf, id=911, page=11, 496.6232pt x 418.28395pt>
File: figs/svg/dirdrone.pdf Graphic file (type pdf)
<use figs/svg/dirdrone.pdf, page 11>
Package pdftex.def Info: figs/svg/dirdrone.pdf , page11 used on input line 76.
(pdftex.def)             Requested size: 426.79134pt x 359.48741pt.
) [41] (./figs/svg/sentido.pdf_tex
<figs/svg/sentido.pdf, id=926, page=1, 536.95743pt x 602.24963pt>
File: figs/svg/sentido.pdf Graphic file (type pdf)
<use figs/svg/sentido.pdf, page 1>
Package pdftex.def Info: figs/svg/sentido.pdf , page1 used on input line 56.
(pdftex.def)             Requested size: 426.79134pt x 478.70346pt.
)) [42 <./figs/svg/dirdrone.pdf> <./figs/svg/dirdrone.pdf

pdfTeX warning: /app/bin/x86_64-linux/pdflatex (file ./figs/svg/dirdrone.pdf): 
PDF inclusion: multiple pdfs with page group included in a single page
> <./figs/svg/dirdrone.pdf

pdfTeX warning: /app/bin/x86_64-linux/pdflatex (file ./figs/svg/dirdrone.pdf): 
PDF inclusion: multiple pdfs with page group included in a single page
> <./figs/svg/dirdrone.pdf

pdfTeX warning: /app/bin/x86_64-linux/pdflatex (file ./figs/svg/dirdrone.pdf): 
PDF inclusion: multiple pdfs with page group included in a single page
> <./figs/svg/dirdrone.pdf

pdfTeX warning: /app/bin/x86_64-linux/pdflatex (file ./figs/svg/dirdrone.pdf): 
PDF inclusion: multiple pdfs with page group included in a single page
> <./figs/svg/dirdrone.pdf

pdfTeX warning: /app/bin/x86_64-linux/pdflatex (file ./figs/svg/dirdrone.pdf): 
PDF inclusion: multiple pdfs with page group included in a single page
> <./figs/svg/dirdrone.pdf

pdfTeX warning: /app/bin/x86_64-linux/pdflatex (file ./figs/svg/dirdrone.pdf): 
PDF inclusion: multiple pdfs with page group included in a single page
> <./figs/svg/dirdrone.pdf

pdfTeX warning: /app/bin/x86_64-linux/pdflatex (file ./figs/svg/dirdrone.pdf): 
PDF inclusion: multiple pdfs with page group included in a single page
> <./figs/svg/dirdrone.pdf

pdfTeX warning: /app/bin/x86_64-linux/pdflatex (file ./figs/svg/dirdrone.pdf): 
PDF inclusion: multiple pdfs with page group included in a single page
> <./figs/svg/dirdrone.pdf

pdfTeX warning: /app/bin/x86_64-linux/pdflatex (file ./figs/svg/dirdrone.pdf): 
PDF inclusion: multiple pdfs with page group included in a single page
> <./figs/svg/dirdrone.pdf

pdfTeX warning: /app/bin/x86_64-linux/pdflatex (file ./figs/svg/dirdrone.pdf): 
PDF inclusion: multiple pdfs with page group included in a single page
>] [43 <./figs/svg/sentido.pdf>]
\openout2 = `capitulos/metodologia.aux'.

 (./capitulos/metodologia.tex
LaTeX Font Info:    Try loading font information for T1+pcr on input line 69.

(/app/texmf-dist/tex/latex/psnfss/t1pcr.fd
File: t1pcr.fd 2001/06/04 font definitions for T1/pcr.
)
Package microtype Info: Loading generic protrusion settings for font family
(microtype)             `pcr' (encoding: T1).
(microtype)             For optimal results, create family-specific settings.
(microtype)             See the microtype manual for details.
LaTeX Font Info:    Font shape `T1/pcr/bx/n' in size <10.95> not available
(Font)              Font shape `T1/pcr/b/n' tried instead on input line 69.
LaTeX Font Info:    Font shape `T1/pcr/bx/n' in size <9> not available
(Font)              Font shape `T1/pcr/b/n' tried instead on input line 80.
LaTeX Font Info:    Font shape `T1/pcr/bx/n' in size <10> not available
(Font)              Font shape `T1/pcr/b/n' tried instead on input line 188.
LaTeX Font Info:    Font shape `T1/pcr/bx/n' in size <12> not available
(Font)              Font shape `T1/pcr/b/n' tried instead on input line 218.
LaTeX Font Info:    Try loading font information for T1+lmtt on input line 280.


(/app/texmf-dist/tex/latex/lm/t1lmtt.fd
File: t1lmtt.fd 2009/10/30 v1.6 Font defs for Latin Modern
)
Package microtype Info: Loading generic protrusion settings for font family
(microtype)             `lmtt' (encoding: T1).
(microtype)             For optimal results, create family-specific settings.
(microtype)             See the microtype manual for details.
 [44



]
(./figs/svg/pixhawk-raspberry.pdf_tex
<figs/svg/pixhawk-raspberry.pdf, id=965, page=1, 590.48204pt x 624.66902pt>
File: figs/svg/pixhawk-raspberry.pdf Graphic file (type pdf)
<use figs/svg/pixhawk-raspberry.pdf, page 1>
Package pdftex.def Info: figs/svg/pixhawk-raspberry.pdf , page1 used on input l
ine 56.
(pdftex.def)             Requested size: 426.79134pt x 451.50565pt.
) (./figs/svg/visao-controle.pdf_tex
<figs/svg/visao-controle.pdf, id=966, page=1, 593.60583pt x 482.76393pt>
File: figs/svg/visao-controle.pdf Graphic file (type pdf)
<use figs/svg/visao-controle.pdf, page 1>
Package pdftex.def Info: figs/svg/visao-controle.pdf , page1 used on input line
 56.
(pdftex.def)             Requested size: 426.79134pt x 347.10358pt.
<figs/svg/visao-controle.pdf, id=967, page=2, 593.60583pt x 482.76393pt>
File: figs/svg/visao-controle.pdf Graphic file (type pdf)
<use figs/svg/visao-controle.pdf, page 2>
Package pdftex.def Info: figs/svg/visao-controle.pdf , page2 used on input line
 60.
(pdftex.def)             Requested size: 426.79134pt x 347.10358pt.
)
(./figs/svg/simualacao.pdf_tex
<figs/svg/simualacao.pdf, id=968, page=1, 889.83191pt x 708.84827pt>
File: figs/svg/simualacao.pdf Graphic file (type pdf)
<use figs/svg/simualacao.pdf, page 1>
Package pdftex.def Info: figs/svg/simualacao.pdf , page1 used on input line 56.

(pdftex.def)             Requested size: 426.79134pt x 339.98372pt.
) (./figs/mathcha/dir_drone.tex
<figs/figuras_png_jpg/Drone.png, id=979, 577.15625pt x 571.13374pt>
File: figs/figuras_png_jpg/Drone.png Graphic file (type png)
<use figs/figuras_png_jpg/Drone.png>
Package pdftex.def Info: figs/figuras_png_jpg/Drone.png  used on input line 50.

(pdftex.def)             Requested size: 22.49226pt x 22.49286pt.
File: figs/figuras_png_jpg/Drone.png Graphic file (type png)
<use figs/figuras_png_jpg/Drone.png>
Package pdftex.def Info: figs/figuras_png_jpg/Drone.png  used on input line 52.

(pdftex.def)             Requested size: 22.49226pt x 22.49286pt.
File: figs/figuras_png_jpg/Drone.png Graphic file (type png)
<use figs/figuras_png_jpg/Drone.png>
Package pdftex.def Info: figs/figuras_png_jpg/Drone.png  used on input line 54.

(pdftex.def)             Requested size: 22.49226pt x 22.49286pt.
File: figs/figuras_png_jpg/Drone.png Graphic file (type png)
<use figs/figuras_png_jpg/Drone.png>
Package pdftex.def Info: figs/figuras_png_jpg/Drone.png  used on input line 56.

(pdftex.def)             Requested size: 22.49226pt x 22.49286pt.
File: figs/figuras_png_jpg/Drone.png Graphic file (type png)
<use figs/figuras_png_jpg/Drone.png>
Package pdftex.def Info: figs/figuras_png_jpg/Drone.png  used on input line 58.

(pdftex.def)             Requested size: 22.49226pt x 22.49286pt.
LaTeX Font Info:    Try loading font information for T1+helvet on input line 10
1.
LaTeX Font Info:    No file T1helvet.fd. on input line 101.


LaTeX Font Warning: Font shape `T1/helvet/m/n' undefined
(Font)              using `T1/cmr/m/n' instead on input line 101.

Package microtype Info: Loading generic protrusion settings for font family
(microtype)             `helvet' (encoding: T1).
(microtype)             For optimal results, create family-specific settings.
(microtype)             See the microtype manual for details.

Underfull \hbox (badness 10000) in paragraph at lines 104--105
[]\T1/pcr/m/n/10 Areas de
 []


Underfull \hbox (badness 10000) in paragraph at lines 104--105
\T1/pcr/m/n/10 Gradiente de
 []


Underfull \hbox (badness 10000) in paragraph at lines 104--105

 []

LaTeX Font Info:    Font shape `T1/pcr/bx/n' in size <8> not available
(Font)              Font shape `T1/pcr/b/n' tried instead on input line 107.

Overfull \hbox (45.09753pt too wide) in paragraph at lines 125--126
[][] 
 []

) (./figs/mathcha/dir_drone2.tex) (./figs/svg/Drone2.pdf_tex
<figs/svg/Drone2.pdf, id=991, page=1, 486.97343pt x 524.77759pt>
File: figs/svg/Drone2.pdf Graphic file (type pdf)
<use figs/svg/Drone2.pdf, page 1>
Package pdftex.def Info: figs/svg/Drone2.pdf , page1 used on input line 56.
(pdftex.def)             Requested size: 512.1496pt x 551.94559pt.
<figs/svg/Drone2.pdf, id=992, page=2, 486.97343pt x 524.77759pt>
File: figs/svg/Drone2.pdf Graphic file (type pdf)
<use figs/svg/Drone2.pdf, page 2>
Package pdftex.def Info: figs/svg/Drone2.pdf , page2 used on input line 81.
(pdftex.def)             Requested size: 512.1496pt x 551.94559pt.
<figs/svg/Drone2.pdf, id=993, page=3, 486.97343pt x 524.77759pt>
File: figs/svg/Drone2.pdf Graphic file (type pdf)
<use figs/svg/Drone2.pdf, page 3>
Package pdftex.def Info: figs/svg/Drone2.pdf , page3 used on input line 87.
(pdftex.def)             Requested size: 512.1496pt x 551.94559pt.
)
Overfull \hbox (57.1496pt too wide) in paragraph at lines 88--354
 [][] 
 []

(./figs/mathcha/teste.tex) (./figs/mathcha/com-amarelo.tex
Underfull \hbox (badness 10000) in paragraph at lines 103--104

 []


Overfull \hbox (30.07253pt too wide) in paragraph at lines 140--141
[][] 
 []

) (./figs/mathcha/com-amarelo-verde.tex
Underfull \hbox (badness 10000) in paragraph at lines 143--144

 []

)
Overfull \hbox (30.07253pt too wide) in paragraph at lines 182--378
[][]
 []


Underfull \hbox (badness 10000) in paragraph at lines 182--378

 []

) [45] [46] [47 <./figs/svg/pixhawk-raspberry.pdf>] [48 <./figs/svg/visao-contr
ole.pdf> <./figs/svg/visao-controle.pdf

pdfTeX warning: /app/bin/x86_64-linux/pdflatex (file ./figs/svg/visao-controle.
pdf): PDF inclusion: multiple pdfs with page group included in a single page
>] [49 <./figs/svg/simualacao.pdf>] [50 <./figs/figuras_png_jpg/Drone.png>]
[51] [52 <./figs/svg/Drone2.pdf> <./figs/svg/Drone2.pdf

pdfTeX warning: /app/bin/x86_64-linux/pdflatex (file ./figs/svg/Drone2.pdf): PD
F inclusion: multiple pdfs with page group included in a single page
> <./figs/svg/Drone2.pdf

pdfTeX warning: /app/bin/x86_64-linux/pdflatex (file ./figs/svg/Drone2.pdf): PD
F inclusion: multiple pdfs with page group included in a single page
>] [53] [54] [55]
\openout2 = `capitulos/apresAnaRes.aux'.

 (./capitulos/apresAnaRes.tex) [56



]
\openout2 = `capitulos/resultados.aux'.


(./capitulos/resultados.tex) [57



] (./main.bbl (./main.brf)
\tf@brf=\write6
\openout6 = `main.brf'.


bibitemlist

Overfull \hbox (1.88855pt too wide) in paragraph at lines 37--37
\T1/lmr/m/n/12 (-20) machine-[]learning-[]is-[]fun-[]part-[]4-[]modern-[]face-[
]recognition-[]with-[]deep-[]learning-[]c3c^^[c121d78>[]$[][]. 
 []

[58


]) 
AED: lastpage setting LastPage
[59]
\tf@lof=\write7
\openout7 = `main.lof'.

\tf@lot=\write8
\openout8 = `main.lot'.

\tf@toc=\write9
\openout9 = `main.toc'.

Package atveryend Info: Empty hook `BeforeClearDocument' on input line 279.
Package atveryend Info: Empty hook `AfterLastShipout' on input line 279.
 (./main.aux (./pretextual/capa.aux) (./pretextual/assinaturas.aux)
(./capitulos/introducao.aux) (./capitulos/objJust.aux) (./capitulos/fundTeo.aux
) (./capitulos/metodologia.aux) (./capitulos/apresAnaRes.aux)
(./capitulos/resultados.aux))
Package atveryend Info: Executing hook `AtVeryEndDocument' on input line 279.
Package atveryend Info: Executing hook `AtEndAfterFileList' on input line 279.
Package rerunfilecheck Info: File `main.brf' has not changed.
(rerunfilecheck)             Checksum: 55FB087263FCA66D97C4041AD50D7265;1338.


LaTeX Font Warning: Size substitutions with differences
(Font)              up to 0.5pt have occurred.


LaTeX Font Warning: Some font shapes were not available, defaults substituted.


LaTeX Warning: There were undefined references.

Package atveryend Info: Empty hook `AtVeryVeryEnd' on input line 279.
 ) 
Here is how much of TeX's memory you used:
 44806 strings out of 492623
 847867 string characters out of 6130947
 1322629 words of memory out of 5000000
 47452 multiletter control sequences out of 15000+600000
 681344 words of font info for 226 fonts, out of 8000000 for 9000
 1141 hyphenation exceptions out of 8191
 64i,16n,68p,1480b,2484s stack positions out of 5000i,500n,10000p,200000b,80000s
{/app/texmf-dist/fonts/enc/dvips/cm-super/cm-super-t1.enc}{/app/texmf-dist/fo
nts/enc/dvips/lm/lm-mathit.enc}{/app/texmf-dist/fonts/enc/dvips/lm/lm-mathsy.en
c}{/app/texmf-dist/fonts/enc/dvips/lm/lm-ec.enc}{/app/texmf-dist/fonts/enc/dvip
s/base/8r.enc}{/app/texmf-dist/fonts/enc/dvips/lm/lm-rm.enc}</app/texmf-dist/fo
nts/type1/public/amsfonts/cm/cmex10.pfb></app/texmf-dist/fonts/type1/public/lm/
lmbx12.pfb></app/texmf-dist/fonts/type1/public/lm/lmbx9.pfb></app/texmf-dist/fo
nts/type1/public/lm/lmmi10.pfb></app/texmf-dist/fonts/type1/public/lm/lmmi12.pf
b></app/texmf-dist/fonts/type1/public/lm/lmmi8.pfb></app/texmf-dist/fonts/type1
/public/lm/lmr10.pfb></app/texmf-dist/fonts/type1/public/lm/lmr12.pfb></app/tex
mf-dist/fonts/type1/public/lm/lmr7.pfb></app/texmf-dist/fonts/type1/public/lm/l
mr8.pfb></app/texmf-dist/fonts/type1/public/lm/lmr9.pfb></app/texmf-dist/fonts/
type1/public/lm/lmri10.pfb></app/texmf-dist/fonts/type1/public/lm/lmri12.pfb></
app/texmf-dist/fonts/type1/public/lm/lmss10.pfb></app/texmf-dist/fonts/type1/pu
blic/lm/lmss12.pfb></app/texmf-dist/fonts/type1/public/lm/lmss17.pfb></app/texm
f-dist/fonts/type1/public/lm/lmssbx10.pfb></app/texmf-dist/fonts/type1/public/l
m/lmsy10.pfb></app/texmf-dist/fonts/type1/public/lm/lmsy7.pfb></app/texmf-dist/
fonts/type1/public/lm/lmtt8.pfb></app/texmf-dist/fonts/type1/public/cm-super/sf
rm0800.pfb></app/texmf-dist/fonts/type1/urw/courier/ucrb8a.pfb></app/texmf-dist
/fonts/type1/urw/courier/ucrr8a.pfb></app/texmf-dist/fonts/type1/public/yhmath/
yhcmex.pfb>
Output written on main.pdf (68 pages, 21318616 bytes).
PDF statistics:
 1614 PDF objects out of 1728 (max. 8388607)
 1227 compressed objects within 13 object streams
 204 named destinations out of 1000 (max. 500000)
 51765 words of extra memory for PDF output out of 61914 (max. 10000000)

